{"meta": {"format": 3, "version": "7.8.2", "timestamp": "2025-05-28T14:06:45.807366", "branch_coverage": false, "show_contexts": false}, "files": {"src\\__init__.py": {"executed_lines": [], "summary": {"covered_lines": 0, "num_statements": 55, "percent_covered": 0.0, "percent_covered_display": "0", "missing_lines": 55, "excluded_lines": 0}, "missing_lines": [20, 21, 22, 23, 24, 27, 28, 31, 32, 33, 36, 39, 40, 41, 42, 43, 46, 66, 68, 70, 77, 80, 90, 93, 102, 109, 116, 119, 126, 136, 143, 145, 147, 155, 156, 157, 158, 159, 160, 162, 165, 169, 170, 172, 173, 174, 175, 177, 178, 179, 180, 181, 185, 187, 213], "excluded_lines": [], "functions": {"get_version": {"executed_lines": [], "summary": {"covered_lines": 0, "num_statements": 1, "percent_covered": 0.0, "percent_covered_display": "0", "missing_lines": 1, "excluded_lines": 0}, "missing_lines": [116], "excluded_lines": []}, "get_version_info": {"executed_lines": [], "summary": {"covered_lines": 0, "num_statements": 1, "percent_covered": 0.0, "percent_covered_display": "0", "missing_lines": 1, "excluded_lines": 0}, "missing_lines": [126], "excluded_lines": []}, "check_dependencies": {"executed_lines": [], "summary": {"covered_lines": 0, "num_statements": 10, "percent_covered": 0.0, "percent_covered_display": "0", "missing_lines": 10, "excluded_lines": 0}, "missing_lines": [143, 145, 147, 155, 156, 157, 158, 159, 160, 162], "excluded_lines": []}, "print_system_info": {"executed_lines": [], "summary": {"covered_lines": 0, "num_statements": 11, "percent_covered": 0.0, "percent_covered_display": "0", "missing_lines": 11, "excluded_lines": 0}, "missing_lines": [169, 170, 172, 173, 174, 175, 177, 178, 179, 180, 181], "excluded_lines": []}, "_get_module_help": {"executed_lines": [], "summary": {"covered_lines": 0, "num_statements": 1, "percent_covered": 0.0, "percent_covered_display": "0", "missing_lines": 1, "excluded_lines": 0}, "missing_lines": [187], "excluded_lines": []}, "": {"executed_lines": [], "summary": {"covered_lines": 0, "num_statements": 31, "percent_covered": 0.0, "percent_covered_display": "0", "missing_lines": 31, "excluded_lines": 0}, "missing_lines": [20, 21, 22, 23, 24, 27, 28, 31, 32, 33, 36, 39, 40, 41, 42, 43, 46, 66, 68, 70, 77, 80, 90, 93, 102, 109, 119, 136, 165, 185, 213], "excluded_lines": []}}, "classes": {"": {"executed_lines": [], "summary": {"covered_lines": 0, "num_statements": 55, "percent_covered": 0.0, "percent_covered_display": "0", "missing_lines": 55, "excluded_lines": 0}, "missing_lines": [20, 21, 22, 23, 24, 27, 28, 31, 32, 33, 36, 39, 40, 41, 42, 43, 46, 66, 68, 70, 77, 80, 90, 93, 102, 109, 116, 119, 126, 136, 143, 145, 147, 155, 156, 157, 158, 159, 160, 162, 165, 169, 170, 172, 173, 174, 175, 177, 178, 179, 180, 181, 185, 187, 213], "excluded_lines": []}}}, "src\\data_models.py": {"executed_lines": [1, 21, 22, 23, 24, 25, 26, 29, 32, 33, 34, 41, 42, 43, 44, 45, 46, 47, 48, 49, 50, 52, 53, 55, 68, 69, 71, 85, 86, 87, 94, 95, 96, 97, 98, 99, 100, 101, 102, 103, 104, 105, 106, 107, 108, 110, 111, 131, 132, 153, 154, 155, 176, 177, 178, 179, 180, 181, 182, 183, 184, 185, 186, 188, 190, 193, 197, 199, 202, 216, 217, 229, 233, 238, 243, 247, 251, 253, 255, 258, 261, 264, 267, 270, 273, 274, 275, 295, 296, 297, 298, 299, 300, 301, 302, 303, 304, 305, 307, 309, 313, 314, 317, 319, 322, 335, 336, 344, 348, 354, 358, 360, 362, 365, 368, 371, 374, 377, 380, 383, 384, 385, 392, 393, 394, 395, 396, 397, 398, 399, 400, 401, 402, 403, 405, 414, 415, 416, 423, 424, 425, 426, 427, 429, 434, 438, 444, 445, 446, 449, 450, 451, 452, 453, 454, 457, 477, 499, 510, 513, 514, 517, 518, 521, 524, 525, 526, 530, 533, 536, 538], "summary": {"covered_lines": 164, "num_statements": 233, "percent_covered": 70.3862660944206, "percent_covered_display": "70", "missing_lines": 69, "excluded_lines": 0}, "missing_lines": [113, 134, 191, 194, 198, 200, 204, 205, 206, 209, 210, 211, 212, 214, 220, 221, 224, 225, 227, 231, 235, 236, 240, 241, 245, 249, 256, 259, 262, 265, 268, 310, 318, 320, 324, 325, 328, 329, 330, 331, 333, 339, 340, 342, 346, 350, 356, 363, 366, 369, 372, 375, 378, 407, 408, 409, 410, 411, 431, 432, 436, 440, 468, 491, 515, 519, 527, 531, 534], "excluded_lines": [], "functions": {"NodeType.get_display_names": {"executed_lines": [55], "summary": {"covered_lines": 1, "num_statements": 1, "percent_covered": 100.0, "percent_covered_display": "100", "missing_lines": 0, "excluded_lines": 0}, "missing_lines": [], "excluded_lines": []}, "NodeType.get_color_scheme": {"executed_lines": [71], "summary": {"covered_lines": 1, "num_statements": 1, "percent_covered": 100.0, "percent_covered_display": "100", "missing_lines": 0, "excluded_lines": 0}, "missing_lines": [], "excluded_lines": []}, "RelationType.get_display_names": {"executed_lines": [], "summary": {"covered_lines": 0, "num_statements": 1, "percent_covered": 0.0, "percent_covered_display": "0", "missing_lines": 1, "excluded_lines": 0}, "missing_lines": [113], "excluded_lines": []}, "RelationType.get_relationship_weights": {"executed_lines": [], "summary": {"covered_lines": 0, "num_statements": 1, "percent_covered": 0.0, "percent_covered_display": "0", "missing_lines": 1, "excluded_lines": 0}, "missing_lines": [134], "excluded_lines": []}, "KnowledgeNode.__post_init__": {"executed_lines": [190, 193, 197, 199], "summary": {"covered_lines": 4, "num_statements": 8, "percent_covered": 50.0, "percent_covered_display": "50", "missing_lines": 4, "excluded_lines": 0}, "missing_lines": [191, 194, 198, 200], "excluded_lines": []}, "KnowledgeNode.to_dict": {"executed_lines": [], "summary": {"covered_lines": 0, "num_statements": 8, "percent_covered": 0.0, "percent_covered_display": "0", "missing_lines": 8, "excluded_lines": 0}, "missing_lines": [204, 205, 206, 209, 210, 211, 212, 214], "excluded_lines": []}, "KnowledgeNode.from_dict": {"executed_lines": [], "summary": {"covered_lines": 0, "num_statements": 5, "percent_covered": 0.0, "percent_covered_display": "0", "missing_lines": 5, "excluded_lines": 0}, "missing_lines": [220, 221, 224, 225, 227], "excluded_lines": []}, "KnowledgeNode.update_timestamp": {"executed_lines": [], "summary": {"covered_lines": 0, "num_statements": 1, "percent_covered": 0.0, "percent_covered_display": "0", "missing_lines": 1, "excluded_lines": 0}, "missing_lines": [231], "excluded_lines": []}, "KnowledgeNode.add_tag": {"executed_lines": [], "summary": {"covered_lines": 0, "num_statements": 2, "percent_covered": 0.0, "percent_covered_display": "0", "missing_lines": 2, "excluded_lines": 0}, "missing_lines": [235, 236], "excluded_lines": []}, "KnowledgeNode.remove_tag": {"executed_lines": [], "summary": {"covered_lines": 0, "num_statements": 2, "percent_covered": 0.0, "percent_covered_display": "0", "missing_lines": 2, "excluded_lines": 0}, "missing_lines": [240, 241], "excluded_lines": []}, "KnowledgeNode.get_display_name": {"executed_lines": [], "summary": {"covered_lines": 0, "num_statements": 1, "percent_covered": 0.0, "percent_covered_display": "0", "missing_lines": 1, "excluded_lines": 0}, "missing_lines": [245], "excluded_lines": []}, "KnowledgeNode.get_color": {"executed_lines": [], "summary": {"covered_lines": 0, "num_statements": 1, "percent_covered": 0.0, "percent_covered_display": "0", "missing_lines": 1, "excluded_lines": 0}, "missing_lines": [249], "excluded_lines": []}, "KnowledgeNode.validate": {"executed_lines": [253, 255, 258, 261, 264, 267, 270], "summary": {"covered_lines": 7, "num_statements": 12, "percent_covered": 58.333333333333336, "percent_covered_display": "58", "missing_lines": 5, "excluded_lines": 0}, "missing_lines": [256, 259, 262, 265, 268], "excluded_lines": []}, "KnowledgeEdge.__post_init__": {"executed_lines": [309, 313, 314, 317, 319], "summary": {"covered_lines": 5, "num_statements": 8, "percent_covered": 62.5, "percent_covered_display": "62", "missing_lines": 3, "excluded_lines": 0}, "missing_lines": [310, 318, 320], "excluded_lines": []}, "KnowledgeEdge.to_dict": {"executed_lines": [], "summary": {"covered_lines": 0, "num_statements": 7, "percent_covered": 0.0, "percent_covered_display": "0", "missing_lines": 7, "excluded_lines": 0}, "missing_lines": [324, 325, 328, 329, 330, 331, 333], "excluded_lines": []}, "KnowledgeEdge.from_dict": {"executed_lines": [], "summary": {"covered_lines": 0, "num_statements": 3, "percent_covered": 0.0, "percent_covered_display": "0", "missing_lines": 3, "excluded_lines": 0}, "missing_lines": [339, 340, 342], "excluded_lines": []}, "KnowledgeEdge.update_timestamp": {"executed_lines": [], "summary": {"covered_lines": 0, "num_statements": 1, "percent_covered": 0.0, "percent_covered_display": "0", "missing_lines": 1, "excluded_lines": 0}, "missing_lines": [346], "excluded_lines": []}, "KnowledgeEdge.get_display_name": {"executed_lines": [], "summary": {"covered_lines": 0, "num_statements": 1, "percent_covered": 0.0, "percent_covered_display": "0", "missing_lines": 1, "excluded_lines": 0}, "missing_lines": [350], "excluded_lines": []}, "KnowledgeEdge.get_default_weight": {"executed_lines": [], "summary": {"covered_lines": 0, "num_statements": 1, "percent_covered": 0.0, "percent_covered_display": "0", "missing_lines": 1, "excluded_lines": 0}, "missing_lines": [356], "excluded_lines": []}, "KnowledgeEdge.validate": {"executed_lines": [360, 362, 365, 368, 371, 374, 377, 380], "summary": {"covered_lines": 8, "num_statements": 14, "percent_covered": 57.142857142857146, "percent_covered_display": "57", "missing_lines": 6, "excluded_lines": 0}, "missing_lines": [363, 366, 369, 372, 375, 378], "excluded_lines": []}, "GraphMetadata.to_dict": {"executed_lines": [], "summary": {"covered_lines": 0, "num_statements": 5, "percent_covered": 0.0, "percent_covered_display": "0", "missing_lines": 5, "excluded_lines": 0}, "missing_lines": [407, 408, 409, 410, 411], "excluded_lines": []}, "ValidationResult.add_error": {"executed_lines": [], "summary": {"covered_lines": 0, "num_statements": 2, "percent_covered": 0.0, "percent_covered_display": "0", "missing_lines": 2, "excluded_lines": 0}, "missing_lines": [431, 432], "excluded_lines": []}, "ValidationResult.add_warning": {"executed_lines": [], "summary": {"covered_lines": 0, "num_statements": 1, "percent_covered": 0.0, "percent_covered_display": "0", "missing_lines": 1, "excluded_lines": 0}, "missing_lines": [436], "excluded_lines": []}, "ValidationResult.to_dict": {"executed_lines": [], "summary": {"covered_lines": 0, "num_statements": 1, "percent_covered": 0.0, "percent_covered_display": "0", "missing_lines": 1, "excluded_lines": 0}, "missing_lines": [440], "excluded_lines": []}, "create_sample_node": {"executed_lines": [], "summary": {"covered_lines": 0, "num_statements": 1, "percent_covered": 0.0, "percent_covered_display": "0", "missing_lines": 1, "excluded_lines": 0}, "missing_lines": [468], "excluded_lines": []}, "create_sample_edge": {"executed_lines": [], "summary": {"covered_lines": 0, "num_statements": 1, "percent_covered": 0.0, "percent_covered_display": "0", "missing_lines": 1, "excluded_lines": 0}, "missing_lines": [491], "excluded_lines": []}, "validate_graph_data": {"executed_lines": [510, 513, 514, 517, 518, 521, 524, 525, 526, 530, 533, 536, 538], "summary": {"covered_lines": 13, "num_statements": 18, "percent_covered": 72.22222222222223, "percent_covered_display": "72", "missing_lines": 5, "excluded_lines": 0}, "missing_lines": [515, 519, 527, 531, 534], "excluded_lines": []}, "": {"executed_lines": [1, 21, 22, 23, 24, 25, 26, 29, 32, 33, 34, 41, 42, 43, 44, 45, 46, 47, 48, 49, 50, 52, 53, 68, 69, 85, 86, 87, 94, 95, 96, 97, 98, 99, 100, 101, 102, 103, 104, 105, 106, 107, 108, 110, 111, 131, 132, 153, 154, 155, 176, 177, 178, 179, 180, 181, 182, 183, 184, 185, 186, 188, 202, 216, 217, 229, 233, 238, 243, 247, 251, 273, 274, 275, 295, 296, 297, 298, 299, 300, 301, 302, 303, 304, 305, 307, 322, 335, 336, 344, 348, 354, 358, 383, 384, 385, 392, 393, 394, 395, 396, 397, 398, 399, 400, 401, 402, 403, 405, 414, 415, 416, 423, 424, 425, 426, 427, 429, 434, 438, 444, 445, 446, 449, 450, 451, 452, 453, 454, 457, 477, 499], "summary": {"covered_lines": 125, "num_statements": 125, "percent_covered": 100.0, "percent_covered_display": "100", "missing_lines": 0, "excluded_lines": 0}, "missing_lines": [], "excluded_lines": []}}, "classes": {"NodeType": {"executed_lines": [55, 71], "summary": {"covered_lines": 2, "num_statements": 2, "percent_covered": 100.0, "percent_covered_display": "100", "missing_lines": 0, "excluded_lines": 0}, "missing_lines": [], "excluded_lines": []}, "RelationType": {"executed_lines": [], "summary": {"covered_lines": 0, "num_statements": 2, "percent_covered": 0.0, "percent_covered_display": "0", "missing_lines": 2, "excluded_lines": 0}, "missing_lines": [113, 134], "excluded_lines": []}, "KnowledgeNode": {"executed_lines": [190, 193, 197, 199, 253, 255, 258, 261, 264, 267, 270], "summary": {"covered_lines": 11, "num_statements": 40, "percent_covered": 27.5, "percent_covered_display": "28", "missing_lines": 29, "excluded_lines": 0}, "missing_lines": [191, 194, 198, 200, 204, 205, 206, 209, 210, 211, 212, 214, 220, 221, 224, 225, 227, 231, 235, 236, 240, 241, 245, 249, 256, 259, 262, 265, 268], "excluded_lines": []}, "KnowledgeEdge": {"executed_lines": [309, 313, 314, 317, 319, 360, 362, 365, 368, 371, 374, 377, 380], "summary": {"covered_lines": 13, "num_statements": 35, "percent_covered": 37.142857142857146, "percent_covered_display": "37", "missing_lines": 22, "excluded_lines": 0}, "missing_lines": [310, 318, 320, 324, 325, 328, 329, 330, 331, 333, 339, 340, 342, 346, 350, 356, 363, 366, 369, 372, 375, 378], "excluded_lines": []}, "GraphMetadata": {"executed_lines": [], "summary": {"covered_lines": 0, "num_statements": 5, "percent_covered": 0.0, "percent_covered_display": "0", "missing_lines": 5, "excluded_lines": 0}, "missing_lines": [407, 408, 409, 410, 411], "excluded_lines": []}, "ValidationResult": {"executed_lines": [], "summary": {"covered_lines": 0, "num_statements": 4, "percent_covered": 0.0, "percent_covered_display": "0", "missing_lines": 4, "excluded_lines": 0}, "missing_lines": [431, 432, 436, 440], "excluded_lines": []}, "": {"executed_lines": [1, 21, 22, 23, 24, 25, 26, 29, 32, 33, 34, 41, 42, 43, 44, 45, 46, 47, 48, 49, 50, 52, 53, 68, 69, 85, 86, 87, 94, 95, 96, 97, 98, 99, 100, 101, 102, 103, 104, 105, 106, 107, 108, 110, 111, 131, 132, 153, 154, 155, 176, 177, 178, 179, 180, 181, 182, 183, 184, 185, 186, 188, 202, 216, 217, 229, 233, 238, 243, 247, 251, 273, 274, 275, 295, 296, 297, 298, 299, 300, 301, 302, 303, 304, 305, 307, 322, 335, 336, 344, 348, 354, 358, 383, 384, 385, 392, 393, 394, 395, 396, 397, 398, 399, 400, 401, 402, 403, 405, 414, 415, 416, 423, 424, 425, 426, 427, 429, 434, 438, 444, 445, 446, 449, 450, 451, 452, 453, 454, 457, 477, 499, 510, 513, 514, 517, 518, 521, 524, 525, 526, 530, 533, 536, 538], "summary": {"covered_lines": 138, "num_statements": 145, "percent_covered": 95.17241379310344, "percent_covered_display": "95", "missing_lines": 7, "excluded_lines": 0}, "missing_lines": [468, 491, 515, 519, 527, 531, 534], "excluded_lines": []}}}, "src\\knowledge_graph.py": {"executed_lines": [1, 25, 26, 27, 28, 29, 30, 31, 32, 33, 35, 36, 37, 39, 40, 63, 64, 66, 69, 70, 84, 94, 95, 98, 99, 100, 106, 107, 108, 111, 114, 116, 118, 125, 128, 129, 130, 131, 132, 133, 134, 137, 140, 143, 145, 149, 151, 211, 212, 220, 222, 224, 313, 314, 322, 324, 326, 343, 344, 352, 354, 356, 423, 424, 432, 434, 436, 478, 479, 487, 489, 491, 517, 518, 526, 528, 530, 567, 568, 576, 578, 580, 628, 629, 637, 639, 641, 642, 644, 646, 647, 656, 658, 664, 666, 669, 670, 673, 674, 675, 679, 681, 682, 683, 686, 691, 695, 717, 718, 720, 722, 724, 725, 728, 730, 731, 732, 735, 736, 737, 740, 741, 744, 745, 746, 747, 749, 750, 753, 754, 756, 778, 779, 780, 782, 784, 786, 787, 792, 794, 797, 798, 801, 802, 805, 806, 807, 809, 810, 812, 828, 829, 831, 832, 834, 835, 836, 837, 838, 839, 843, 845, 846, 848, 851, 852, 854, 856, 858, 859, 860, 862, 865, 866, 868, 872, 877, 880, 881, 883, 884, 885, 886, 891, 893, 903, 915, 917, 925, 935, 940, 941, 943, 945, 955, 963, 965, 967, 974, 976, 977, 978, 979, 981, 983, 984, 987, 988, 989, 991, 993, 995, 997, 998, 999, 1001, 1011, 1014, 1015, 1016, 1022, 1024, 1026, 1029, 1030, 1032, 1033, 1039, 1041, 1043, 1045, 1048, 1049, 1052, 1056, 1057, 1061, 1066, 1068, 1110, 1126, 1132, 1139, 1141, 1145, 1147, 1151, 1158, 1225], "summary": {"covered_lines": 247, "num_statements": 333, "percent_covered": 74.17417417417417, "percent_covered_display": "74", "missing_lines": 86, "excluded_lines": 0}, "missing_lines": [49, 50, 51, 53, 54, 803, 841, 849, 863, 869, 870, 888, 926, 985, 1053, 1058, 1064, 1084, 1085, 1087, 1088, 1090, 1091, 1092, 1093, 1094, 1095, 1096, 1097, 1099, 1100, 1102, 1103, 1105, 1106, 1108, 1112, 1114, 1121, 1122, 1124, 1128, 1129, 1130, 1134, 1135, 1136, 1153, 1161, 1163, 1164, 1167, 1170, 1171, 1173, 1174, 1175, 1176, 1177, 1180, 1181, 1182, 1183, 1184, 1187, 1188, 1189, 1190, 1191, 1192, 1195, 1196, 1199, 1202, 1205, 1208, 1211, 1212, 1213, 1216, 1217, 1218, 1219, 1221, 1222, 1226], "excluded_lines": [], "functions": {"EMCKnowledgeGraph.__init__": {"executed_lines": [94, 95, 98, 99, 100, 106, 107, 108, 111, 114, 116], "summary": {"covered_lines": 11, "num_statements": 11, "percent_covered": 100.0, "percent_covered_display": "100", "missing_lines": 0, "excluded_lines": 0}, "missing_lines": [], "excluded_lines": []}, "EMCKnowledgeGraph._initialize_emc_domain_knowledge": {"executed_lines": [125, 128, 129, 130, 131, 132, 133, 134, 137, 140, 143, 145], "summary": {"covered_lines": 12, "num_statements": 12, "percent_covered": 100.0, "percent_covered_display": "100", "missing_lines": 0, "excluded_lines": 0}, "missing_lines": [], "excluded_lines": []}, "EMCKnowledgeGraph._create_standards_organizations": {"executed_lines": [151, 211, 212, 220], "summary": {"covered_lines": 4, "num_statements": 4, "percent_covered": 100.0, "percent_covered_display": "100", "missing_lines": 0, "excluded_lines": 0}, "missing_lines": [], "excluded_lines": []}, "EMCKnowledgeGraph._create_technical_standards": {"executed_lines": [224, 313, 314, 322], "summary": {"covered_lines": 4, "num_statements": 4, "percent_covered": 100.0, "percent_covered_display": "100", "missing_lines": 0, "excluded_lines": 0}, "missing_lines": [], "excluded_lines": []}, "EMCKnowledgeGraph._create_regulations_framework": {"executed_lines": [326, 343, 344, 352], "summary": {"covered_lines": 4, "num_statements": 4, "percent_covered": 100.0, "percent_covered_display": "100", "missing_lines": 0, "excluded_lines": 0}, "missing_lines": [], "excluded_lines": []}, "EMCKnowledgeGraph._create_test_methodologies": {"executed_lines": [356, 423, 424, 432], "summary": {"covered_lines": 4, "num_statements": 4, "percent_covered": 100.0, "percent_covered_display": "100", "missing_lines": 0, "excluded_lines": 0}, "missing_lines": [], "excluded_lines": []}, "EMCKnowledgeGraph._create_test_environments": {"executed_lines": [436, 478, 479, 487], "summary": {"covered_lines": 4, "num_statements": 4, "percent_covered": 100.0, "percent_covered_display": "100", "missing_lines": 0, "excluded_lines": 0}, "missing_lines": [], "excluded_lines": []}, "EMCKnowledgeGraph._create_vehicle_taxonomies": {"executed_lines": [491, 517, 518, 526], "summary": {"covered_lines": 4, "num_statements": 4, "percent_covered": 100.0, "percent_covered_display": "100", "missing_lines": 0, "excluded_lines": 0}, "missing_lines": [], "excluded_lines": []}, "EMCKnowledgeGraph._create_frequency_domains": {"executed_lines": [530, 567, 568, 576], "summary": {"covered_lines": 4, "num_statements": 4, "percent_covered": 100.0, "percent_covered_display": "100", "missing_lines": 0, "excluded_lines": 0}, "missing_lines": [], "excluded_lines": []}, "EMCKnowledgeGraph._establish_semantic_relationships": {"executed_lines": [580, 628, 629, 637], "summary": {"covered_lines": 4, "num_statements": 4, "percent_covered": 100.0, "percent_covered_display": "100", "missing_lines": 0, "excluded_lines": 0}, "missing_lines": [], "excluded_lines": []}, "EMCKnowledgeGraph._add_knowledge_node": {"executed_lines": [641, 642], "summary": {"covered_lines": 2, "num_statements": 2, "percent_covered": 100.0, "percent_covered_display": "100", "missing_lines": 0, "excluded_lines": 0}, "missing_lines": [], "excluded_lines": []}, "EMCKnowledgeGraph._add_knowledge_edge": {"executed_lines": [646, 647], "summary": {"covered_lines": 2, "num_statements": 2, "percent_covered": 100.0, "percent_covered_display": "100", "missing_lines": 0, "excluded_lines": 0}, "missing_lines": [], "excluded_lines": []}, "EMCKnowledgeGraph._build_semantic_index": {"executed_lines": [658, 664, 666, 669, 670, 673, 674, 675], "summary": {"covered_lines": 8, "num_statements": 8, "percent_covered": 100.0, "percent_covered_display": "100", "missing_lines": 0, "excluded_lines": 0}, "missing_lines": [], "excluded_lines": []}, "EMCKnowledgeGraph._update_graph_metadata": {"executed_lines": [681, 682, 683, 686, 691], "summary": {"covered_lines": 5, "num_statements": 5, "percent_covered": 100.0, "percent_covered_display": "100", "missing_lines": 0, "excluded_lines": 0}, "missing_lines": [], "excluded_lines": []}, "EMCKnowledgeGraph.semantic_search": {"executed_lines": [717, 718, 720, 722, 724, 725, 728, 730, 731, 732, 735, 736, 737, 740, 741, 744, 745, 746, 747, 749, 750, 753, 754], "summary": {"covered_lines": 23, "num_statements": 23, "percent_covered": 100.0, "percent_covered_display": "100", "missing_lines": 0, "excluded_lines": 0}, "missing_lines": [], "excluded_lines": []}, "EMCKnowledgeGraph.find_semantic_paths": {"executed_lines": [778, 779, 780, 782, 784, 786, 787, 792, 794, 797, 798, 801, 802, 805, 806, 807, 809, 810], "summary": {"covered_lines": 18, "num_statements": 19, "percent_covered": 94.73684210526316, "percent_covered_display": "95", "missing_lines": 1, "excluded_lines": 0}, "missing_lines": [803], "excluded_lines": []}, "EMCKnowledgeGraph.compute_semantic_similarity": {"executed_lines": [828, 829, 831, 832, 834, 835, 836, 837, 838, 839], "summary": {"covered_lines": 10, "num_statements": 11, "percent_covered": 90.9090909090909, "percent_covered_display": "91", "missing_lines": 1, "excluded_lines": 0}, "missing_lines": [841], "excluded_lines": []}, "EMCKnowledgeGraph._jaccard_similarity": {"executed_lines": [845, 846, 848, 851, 852, 854], "summary": {"covered_lines": 6, "num_statements": 7, "percent_covered": 85.71428571428571, "percent_covered_display": "86", "missing_lines": 1, "excluded_lines": 0}, "missing_lines": [849], "excluded_lines": []}, "EMCKnowledgeGraph._structural_similarity": {"executed_lines": [858, 859, 860, 862, 865, 866, 868], "summary": {"covered_lines": 7, "num_statements": 10, "percent_covered": 70.0, "percent_covered_display": "70", "missing_lines": 3, "excluded_lines": 0}, "missing_lines": [863, 869, 870], "excluded_lines": []}, "EMCKnowledgeGraph._semantic_attribute_similarity": {"executed_lines": [877, 880, 881, 883, 884, 885, 886, 891], "summary": {"covered_lines": 8, "num_statements": 9, "percent_covered": 88.88888888888889, "percent_covered_display": "89", "missing_lines": 1, "excluded_lines": 0}, "missing_lines": [888], "excluded_lines": []}, "EMCKnowledgeGraph.analyze_graph_topology": {"executed_lines": [903, 915, 917, 925, 935, 940, 941, 943], "summary": {"covered_lines": 8, "num_statements": 9, "percent_covered": 88.88888888888889, "percent_covered_display": "89", "missing_lines": 1, "excluded_lines": 0}, "missing_lines": [926], "excluded_lines": []}, "EMCKnowledgeGraph.generate_knowledge_report": {"executed_lines": [955, 963], "summary": {"covered_lines": 2, "num_statements": 2, "percent_covered": 100.0, "percent_covered_display": "100", "missing_lines": 0, "excluded_lines": 0}, "missing_lines": [], "excluded_lines": []}, "EMCKnowledgeGraph._compute_semantic_statistics": {"executed_lines": [967], "summary": {"covered_lines": 1, "num_statements": 1, "percent_covered": 100.0, "percent_covered_display": "100", "missing_lines": 0, "excluded_lines": 0}, "missing_lines": [], "excluded_lines": []}, "EMCKnowledgeGraph._compute_tag_distribution": {"executed_lines": [976, 977, 978, 979], "summary": {"covered_lines": 4, "num_statements": 4, "percent_covered": 100.0, "percent_covered_display": "100", "missing_lines": 0, "excluded_lines": 0}, "missing_lines": [], "excluded_lines": []}, "EMCKnowledgeGraph._compute_attribute_coverage": {"executed_lines": [983, 984, 987, 988, 989, 991], "summary": {"covered_lines": 6, "num_statements": 7, "percent_covered": 85.71428571428571, "percent_covered_display": "86", "missing_lines": 1, "excluded_lines": 0}, "missing_lines": [985], "excluded_lines": []}, "EMCKnowledgeGraph._assess_graph_quality": {"executed_lines": [995, 997, 998, 999, 1001], "summary": {"covered_lines": 5, "num_statements": 5, "percent_covered": 100.0, "percent_covered_display": "100", "missing_lines": 0, "excluded_lines": 0}, "missing_lines": [], "excluded_lines": []}, "EMCKnowledgeGraph._compute_completeness_score": {"executed_lines": [1014, 1015, 1016, 1022, 1024], "summary": {"covered_lines": 5, "num_statements": 5, "percent_covered": 100.0, "percent_covered_display": "100", "missing_lines": 0, "excluded_lines": 0}, "missing_lines": [], "excluded_lines": []}, "EMCKnowledgeGraph._compute_consistency_score": {"executed_lines": [1029, 1030, 1032, 1033, 1039, 1041], "summary": {"covered_lines": 6, "num_statements": 6, "percent_covered": 100.0, "percent_covered_display": "100", "missing_lines": 0, "excluded_lines": 0}, "missing_lines": [], "excluded_lines": []}, "EMCKnowledgeGraph._generate_recommendations": {"executed_lines": [1045, 1048, 1049, 1052, 1056, 1057, 1061, 1066], "summary": {"covered_lines": 8, "num_statements": 11, "percent_covered": 72.72727272727273, "percent_covered_display": "73", "missing_lines": 3, "excluded_lines": 0}, "missing_lines": [1053, 1058, 1064], "excluded_lines": []}, "EMCKnowledgeGraph.export_to_formats": {"executed_lines": [], "summary": {"covered_lines": 0, "num_statements": 19, "percent_covered": 0.0, "percent_covered_display": "0", "missing_lines": 19, "excluded_lines": 0}, "missing_lines": [1084, 1085, 1087, 1088, 1090, 1091, 1092, 1093, 1094, 1095, 1096, 1097, 1099, 1100, 1102, 1103, 1105, 1106, 1108], "excluded_lines": []}, "EMCKnowledgeGraph._export_json": {"executed_lines": [], "summary": {"covered_lines": 0, "num_statements": 5, "percent_covered": 0.0, "percent_covered_display": "0", "missing_lines": 5, "excluded_lines": 0}, "missing_lines": [1112, 1114, 1121, 1122, 1124], "excluded_lines": []}, "EMCKnowledgeGraph._export_graphml": {"executed_lines": [], "summary": {"covered_lines": 0, "num_statements": 3, "percent_covered": 0.0, "percent_covered_display": "0", "missing_lines": 3, "excluded_lines": 0}, "missing_lines": [1128, 1129, 1130], "excluded_lines": []}, "EMCKnowledgeGraph._export_gexf": {"executed_lines": [], "summary": {"covered_lines": 0, "num_statements": 3, "percent_covered": 0.0, "percent_covered_display": "0", "missing_lines": 3, "excluded_lines": 0}, "missing_lines": [1134, 1135, 1136], "excluded_lines": []}, "EMCKnowledgeGraph.create_matplotlib_visualization": {"executed_lines": [1141], "summary": {"covered_lines": 1, "num_statements": 1, "percent_covered": 100.0, "percent_covered_display": "100", "missing_lines": 0, "excluded_lines": 0}, "missing_lines": [], "excluded_lines": []}, "EMCKnowledgeGraph.create_plotly_visualization": {"executed_lines": [1147], "summary": {"covered_lines": 1, "num_statements": 1, "percent_covered": 100.0, "percent_covered_display": "100", "missing_lines": 0, "excluded_lines": 0}, "missing_lines": [], "excluded_lines": []}, "EMCKnowledgeGraph.create_analysis_dashboard": {"executed_lines": [], "summary": {"covered_lines": 0, "num_statements": 1, "percent_covered": 0.0, "percent_covered_display": "0", "missing_lines": 1, "excluded_lines": 0}, "missing_lines": [1153], "excluded_lines": []}, "main": {"executed_lines": [], "summary": {"covered_lines": 0, "num_statements": 37, "percent_covered": 0.0, "percent_covered_display": "0", "missing_lines": 37, "excluded_lines": 0}, "missing_lines": [1161, 1163, 1164, 1167, 1170, 1171, 1173, 1174, 1175, 1176, 1177, 1180, 1181, 1182, 1183, 1184, 1187, 1188, 1189, 1190, 1191, 1192, 1195, 1196, 1199, 1202, 1205, 1208, 1211, 1212, 1213, 1216, 1217, 1218, 1219, 1221, 1222], "excluded_lines": []}, "": {"executed_lines": [1, 25, 26, 27, 28, 29, 30, 31, 32, 33, 35, 36, 37, 39, 40, 63, 64, 66, 69, 70, 84, 118, 149, 222, 324, 354, 434, 489, 528, 578, 639, 644, 656, 679, 695, 756, 812, 843, 856, 872, 893, 945, 965, 974, 981, 993, 1011, 1026, 1043, 1068, 1110, 1126, 1132, 1139, 1145, 1151, 1158, 1225], "summary": {"covered_lines": 56, "num_statements": 62, "percent_covered": 90.3225806451613, "percent_covered_display": "90", "missing_lines": 6, "excluded_lines": 0}, "missing_lines": [49, 50, 51, 53, 54, 1226], "excluded_lines": []}}, "classes": {"EMCKnowledgeGraph": {"executed_lines": [94, 95, 98, 99, 100, 106, 107, 108, 111, 114, 116, 125, 128, 129, 130, 131, 132, 133, 134, 137, 140, 143, 145, 151, 211, 212, 220, 224, 313, 314, 322, 326, 343, 344, 352, 356, 423, 424, 432, 436, 478, 479, 487, 491, 517, 518, 526, 530, 567, 568, 576, 580, 628, 629, 637, 641, 642, 646, 647, 658, 664, 666, 669, 670, 673, 674, 675, 681, 682, 683, 686, 691, 717, 718, 720, 722, 724, 725, 728, 730, 731, 732, 735, 736, 737, 740, 741, 744, 745, 746, 747, 749, 750, 753, 754, 778, 779, 780, 782, 784, 786, 787, 792, 794, 797, 798, 801, 802, 805, 806, 807, 809, 810, 828, 829, 831, 832, 834, 835, 836, 837, 838, 839, 845, 846, 848, 851, 852, 854, 858, 859, 860, 862, 865, 866, 868, 877, 880, 881, 883, 884, 885, 886, 891, 903, 915, 917, 925, 935, 940, 941, 943, 955, 963, 967, 976, 977, 978, 979, 983, 984, 987, 988, 989, 991, 995, 997, 998, 999, 1001, 1014, 1015, 1016, 1022, 1024, 1029, 1030, 1032, 1033, 1039, 1041, 1045, 1048, 1049, 1052, 1056, 1057, 1061, 1066, 1141, 1147], "summary": {"covered_lines": 191, "num_statements": 234, "percent_covered": 81.62393162393163, "percent_covered_display": "82", "missing_lines": 43, "excluded_lines": 0}, "missing_lines": [803, 841, 849, 863, 869, 870, 888, 926, 985, 1053, 1058, 1064, 1084, 1085, 1087, 1088, 1090, 1091, 1092, 1093, 1094, 1095, 1096, 1097, 1099, 1100, 1102, 1103, 1105, 1106, 1108, 1112, 1114, 1121, 1122, 1124, 1128, 1129, 1130, 1134, 1135, 1136, 1153], "excluded_lines": []}, "": {"executed_lines": [1, 25, 26, 27, 28, 29, 30, 31, 32, 33, 35, 36, 37, 39, 40, 63, 64, 66, 69, 70, 84, 118, 149, 222, 324, 354, 434, 489, 528, 578, 639, 644, 656, 679, 695, 756, 812, 843, 856, 872, 893, 945, 965, 974, 981, 993, 1011, 1026, 1043, 1068, 1110, 1126, 1132, 1139, 1145, 1151, 1158, 1225], "summary": {"covered_lines": 56, "num_statements": 99, "percent_covered": 56.56565656565657, "percent_covered_display": "57", "missing_lines": 43, "excluded_lines": 0}, "missing_lines": [49, 50, 51, 53, 54, 1161, 1163, 1164, 1167, 1170, 1171, 1173, 1174, 1175, 1176, 1177, 1180, 1181, 1182, 1183, 1184, 1187, 1188, 1189, 1190, 1191, 1192, 1195, 1196, 1199, 1202, 1205, 1208, 1211, 1212, 1213, 1216, 1217, 1218, 1219, 1221, 1222, 1226], "excluded_lines": []}}}, "src\\utils.py": {"executed_lines": [1, 21, 22, 23, 24, 25, 26, 27, 28, 29, 30, 31, 33, 36, 39, 57, 60, 101, 102, 103, 104, 106, 108, 121, 124, 137, 139, 140, 141, 143, 145, 148, 240, 255, 290, 315, 348, 368, 392, 423, 450, 464, 488, 516, 562], "summary": {"covered_lines": 44, "num_statements": 186, "percent_covered": 23.655913978494624, "percent_covered_display": "24", "missing_lines": 142, "excluded_lines": 0}, "missing_lines": [110, 112, 113, 114, 115, 118, 119, 168, 169, 172, 175, 176, 179, 180, 181, 183, 186, 187, 190, 193, 196, 199, 200, 201, 202, 205, 206, 212, 213, 214, 215, 216, 219, 220, 226, 227, 228, 229, 230, 233, 234, 235, 237, 250, 251, 252, 269, 272, 273, 274, 277, 278, 279, 280, 281, 284, 286, 287, 301, 302, 304, 312, 327, 330, 333, 336, 337, 340, 341, 342, 343, 345, 359, 361, 362, 363, 365, 375, 399, 400, 402, 403, 405, 411, 413, 415, 416, 434, 435, 436, 437, 438, 439, 440, 442, 444, 445, 446, 447, 461, 478, 479, 480, 481, 482, 484, 485, 498, 499, 501, 502, 503, 504, 505, 506, 508, 509, 510, 511, 513, 528, 529, 531, 532, 533, 534, 535, 537, 538, 539, 540, 541, 542, 543, 544, 548, 549, 551, 552, 554, 556, 558], "excluded_lines": [], "functions": {"load_config": {"executed_lines": [57, 60, 101, 102, 103, 104, 106, 108, 121], "summary": {"covered_lines": 9, "num_statements": 16, "percent_covered": 56.25, "percent_covered_display": "56", "missing_lines": 7, "excluded_lines": 0}, "missing_lines": [110, 112, 113, 114, 115, 118, 119], "excluded_lines": []}, "_deep_merge_dict": {"executed_lines": [137, 139, 140, 141, 143, 145], "summary": {"covered_lines": 6, "num_statements": 6, "percent_covered": 100.0, "percent_covered_display": "100", "missing_lines": 0, "excluded_lines": 0}, "missing_lines": [], "excluded_lines": []}, "setup_logging": {"executed_lines": [], "summary": {"covered_lines": 0, "num_statements": 36, "percent_covered": 0.0, "percent_covered_display": "0", "missing_lines": 36, "excluded_lines": 0}, "missing_lines": [168, 169, 172, 175, 176, 179, 180, 181, 183, 186, 187, 190, 193, 196, 199, 200, 201, 202, 205, 206, 212, 213, 214, 215, 216, 219, 220, 226, 227, 228, 229, 230, 233, 234, 235, 237], "excluded_lines": []}, "ensure_directory": {"executed_lines": [], "summary": {"covered_lines": 0, "num_statements": 3, "percent_covered": 0.0, "percent_covered_display": "0", "missing_lines": 3, "excluded_lines": 0}, "missing_lines": [250, 251, 252], "excluded_lines": []}, "validate_data_structure": {"executed_lines": [], "summary": {"covered_lines": 0, "num_statements": 12, "percent_covered": 0.0, "percent_covered_display": "0", "missing_lines": 12, "excluded_lines": 0}, "missing_lines": [269, 272, 273, 274, 277, 278, 279, 280, 281, 284, 286, 287], "excluded_lines": []}, "format_timestamp": {"executed_lines": [], "summary": {"covered_lines": 0, "num_statements": 4, "percent_covered": 0.0, "percent_covered_display": "0", "missing_lines": 4, "excluded_lines": 0}, "missing_lines": [301, 302, 304, 312], "excluded_lines": []}, "sanitize_filename": {"executed_lines": [], "summary": {"covered_lines": 0, "num_statements": 10, "percent_covered": 0.0, "percent_covered_display": "0", "missing_lines": 10, "excluded_lines": 0}, "missing_lines": [327, 330, 333, 336, 337, 340, 341, 342, 343, 345], "excluded_lines": []}, "calculate_file_hash": {"executed_lines": [], "summary": {"covered_lines": 0, "num_statements": 5, "percent_covered": 0.0, "percent_covered_display": "0", "missing_lines": 5, "excluded_lines": 0}, "missing_lines": [359, 361, 362, 363, 365], "excluded_lines": []}, "get_system_info": {"executed_lines": [], "summary": {"covered_lines": 0, "num_statements": 1, "percent_covered": 0.0, "percent_covered_display": "0", "missing_lines": 1, "excluded_lines": 0}, "missing_lines": [375], "excluded_lines": []}, "memory_usage": {"executed_lines": [], "summary": {"covered_lines": 0, "num_statements": 9, "percent_covered": 0.0, "percent_covered_display": "0", "missing_lines": 9, "excluded_lines": 0}, "missing_lines": [399, 400, 402, 403, 405, 411, 413, 415, 416], "excluded_lines": []}, "safe_json_serialize": {"executed_lines": [], "summary": {"covered_lines": 0, "num_statements": 5, "percent_covered": 0.0, "percent_covered_display": "0", "missing_lines": 5, "excluded_lines": 0}, "missing_lines": [434, 444, 445, 446, 447], "excluded_lines": []}, "safe_json_serialize.default_serializer": {"executed_lines": [], "summary": {"covered_lines": 0, "num_statements": 7, "percent_covered": 0.0, "percent_covered_display": "0", "missing_lines": 7, "excluded_lines": 0}, "missing_lines": [435, 436, 437, 438, 439, 440, 442], "excluded_lines": []}, "chunk_list": {"executed_lines": [], "summary": {"covered_lines": 0, "num_statements": 1, "percent_covered": 0.0, "percent_covered_display": "0", "missing_lines": 1, "excluded_lines": 0}, "missing_lines": [461], "excluded_lines": []}, "flatten_dict": {"executed_lines": [], "summary": {"covered_lines": 0, "num_statements": 7, "percent_covered": 0.0, "percent_covered_display": "0", "missing_lines": 7, "excluded_lines": 0}, "missing_lines": [478, 479, 480, 481, 482, 484, 485], "excluded_lines": []}, "timing_decorator": {"executed_lines": [], "summary": {"covered_lines": 0, "num_statements": 5, "percent_covered": 0.0, "percent_covered_display": "0", "missing_lines": 5, "excluded_lines": 0}, "missing_lines": [498, 499, 501, 502, 513], "excluded_lines": []}, "timing_decorator.wrapper": {"executed_lines": [], "summary": {"covered_lines": 0, "num_statements": 8, "percent_covered": 0.0, "percent_covered_display": "0", "missing_lines": 8, "excluded_lines": 0}, "missing_lines": [503, 504, 505, 506, 508, 509, 510, 511], "excluded_lines": []}, "retry_on_exception": {"executed_lines": [], "summary": {"covered_lines": 0, "num_statements": 5, "percent_covered": 0.0, "percent_covered_display": "0", "missing_lines": 5, "excluded_lines": 0}, "missing_lines": [528, 529, 531, 532, 558], "excluded_lines": []}, "retry_on_exception.decorator": {"executed_lines": [], "summary": {"covered_lines": 0, "num_statements": 2, "percent_covered": 0.0, "percent_covered_display": "0", "missing_lines": 2, "excluded_lines": 0}, "missing_lines": [533, 556], "excluded_lines": []}, "retry_on_exception.decorator.wrapper": {"executed_lines": [], "summary": {"covered_lines": 0, "num_statements": 15, "percent_covered": 0.0, "percent_covered_display": "0", "missing_lines": 15, "excluded_lines": 0}, "missing_lines": [534, 535, 537, 538, 539, 540, 541, 542, 543, 544, 548, 549, 551, 552, 554], "excluded_lines": []}, "": {"executed_lines": [1, 21, 22, 23, 24, 25, 26, 27, 28, 29, 30, 31, 33, 36, 39, 124, 148, 240, 255, 290, 315, 348, 368, 392, 423, 450, 464, 488, 516, 562], "summary": {"covered_lines": 29, "num_statements": 29, "percent_covered": 100.0, "percent_covered_display": "100", "missing_lines": 0, "excluded_lines": 0}, "missing_lines": [], "excluded_lines": []}}, "classes": {"": {"executed_lines": [1, 21, 22, 23, 24, 25, 26, 27, 28, 29, 30, 31, 33, 36, 39, 57, 60, 101, 102, 103, 104, 106, 108, 121, 124, 137, 139, 140, 141, 143, 145, 148, 240, 255, 290, 315, 348, 368, 392, 423, 450, 464, 488, 516, 562], "summary": {"covered_lines": 44, "num_statements": 186, "percent_covered": 23.655913978494624, "percent_covered_display": "24", "missing_lines": 142, "excluded_lines": 0}, "missing_lines": [110, 112, 113, 114, 115, 118, 119, 168, 169, 172, 175, 176, 179, 180, 181, 183, 186, 187, 190, 193, 196, 199, 200, 201, 202, 205, 206, 212, 213, 214, 215, 216, 219, 220, 226, 227, 228, 229, 230, 233, 234, 235, 237, 250, 251, 252, 269, 272, 273, 274, 277, 278, 279, 280, 281, 284, 286, 287, 301, 302, 304, 312, 327, 330, 333, 336, 337, 340, 341, 342, 343, 345, 359, 361, 362, 363, 365, 375, 399, 400, 402, 403, 405, 411, 413, 415, 416, 434, 435, 436, 437, 438, 439, 440, 442, 444, 445, 446, 447, 461, 478, 479, 480, 481, 482, 484, 485, 498, 499, 501, 502, 503, 504, 505, 506, 508, 509, 510, 511, 513, 528, 529, 531, 532, 533, 534, 535, 537, 538, 539, 540, 541, 542, 543, 544, 548, 549, 551, 552, 554, 556, 558], "excluded_lines": []}}}, "src\\visualizer.py": {"executed_lines": [1, 18, 19, 20, 21, 22, 23, 25, 26, 27, 28, 29, 30, 31, 32, 34, 35, 37, 40, 41, 42, 44, 45, 46, 47, 48, 49, 50, 51, 54, 55, 62, 69, 70, 73, 74, 77, 80, 82, 84, 86, 88, 105, 107, 108, 113, 114, 118, 120, 121, 123, 124, 126, 127, 128, 129, 130, 133, 135, 137, 154, 155, 157, 158, 159, 161, 163, 164, 165, 166, 167, 168, 169, 170, 172, 175, 176, 179, 180, 182, 189, 191, 193, 194, 195, 197, 201, 205, 207, 208, 210, 212, 216, 218, 222, 225, 226, 229, 230, 231, 232, 233, 236, 237, 238, 239, 242, 244, 245, 246, 248, 249, 251, 257, 284, 310, 316, 319, 322, 325, 328, 331, 334, 335, 338, 341, 351, 353, 361, 364, 365, 366, 367, 368, 371, 372, 375, 378, 379, 380, 381, 382, 385, 397, 399, 402, 403, 405, 406, 408, 409, 411, 413, 417, 420, 421, 422, 423, 424, 427, 428, 431, 432, 435, 438, 441, 454, 456, 457, 459, 467, 468, 470, 471, 472, 473, 475, 485, 488, 491, 492, 493, 494, 496, 497, 500, 507, 532, 535, 538, 541, 551, 554, 557, 562, 564, 568, 569, 571, 572, 573, 574, 575, 576, 578, 580, 584, 585, 586, 587, 588, 589, 591, 592, 593, 594, 595, 598, 599, 602, 603, 604, 607, 610, 611, 612, 613, 614, 616, 634, 636, 661, 674, 714, 716, 723, 725, 726, 728, 729, 737, 745, 778, 800, 825], "summary": {"covered_lines": 242, "num_statements": 314, "percent_covered": 77.07006369426752, "percent_covered_display": "77", "missing_lines": 72, "excluded_lines": 0}, "missing_lines": [115, 116, 171, 173, 184, 185, 187, 219, 240, 253, 254, 255, 260, 261, 264, 265, 266, 267, 270, 271, 276, 277, 279, 280, 282, 342, 343, 349, 373, 429, 558, 559, 560, 675, 678, 694, 697, 700, 703, 705, 712, 733, 734, 735, 741, 743, 749, 750, 752, 755, 757, 758, 759, 761, 762, 763, 765, 782, 783, 784, 787, 789, 803, 805, 807, 809, 810, 813, 816, 819, 822, 826], "excluded_lines": [], "functions": {"KnowledgeGraphVisualizer.__init__": {"executed_lines": [69, 70, 73, 74, 77, 80, 82], "summary": {"covered_lines": 7, "num_statements": 7, "percent_covered": 100.0, "percent_covered_display": "100", "missing_lines": 0, "excluded_lines": 0}, "missing_lines": [], "excluded_lines": []}, "KnowledgeGraphVisualizer._parse_visualization_config": {"executed_lines": [86, 88], "summary": {"covered_lines": 2, "num_statements": 2, "percent_covered": 100.0, "percent_covered_display": "100", "missing_lines": 0, "excluded_lines": 0}, "missing_lines": [], "excluded_lines": []}, "KnowledgeGraphVisualizer._configure_chinese_fonts": {"executed_lines": [107, 108, 113, 114], "summary": {"covered_lines": 4, "num_statements": 6, "percent_covered": 66.66666666666667, "percent_covered_display": "67", "missing_lines": 2, "excluded_lines": 0}, "missing_lines": [115, 116], "excluded_lines": []}, "KnowledgeGraphVisualizer._generate_edge_color_scheme": {"executed_lines": [120, 121, 123, 124, 126, 127, 128, 129, 130, 133, 135], "summary": {"covered_lines": 11, "num_statements": 11, "percent_covered": 100.0, "percent_covered_display": "100", "missing_lines": 0, "excluded_lines": 0}, "missing_lines": [], "excluded_lines": []}, "KnowledgeGraphVisualizer.compute_layout": {"executed_lines": [154, 155, 157, 158, 159, 161, 163, 164, 165, 166, 167, 168, 169, 170, 172, 175, 176, 179, 180, 182], "summary": {"covered_lines": 20, "num_statements": 25, "percent_covered": 80.0, "percent_covered_display": "80", "missing_lines": 5, "excluded_lines": 0}, "missing_lines": [171, 173, 184, 185, 187], "excluded_lines": []}, "KnowledgeGraphVisualizer._compute_spring_layout": {"executed_lines": [191, 193, 194, 195, 197], "summary": {"covered_lines": 5, "num_statements": 5, "percent_covered": 100.0, "percent_covered_display": "100", "missing_lines": 0, "excluded_lines": 0}, "missing_lines": [], "excluded_lines": []}, "KnowledgeGraphVisualizer._compute_hierarchical_layout": {"executed_lines": [205, 207, 208, 210], "summary": {"covered_lines": 4, "num_statements": 4, "percent_covered": 100.0, "percent_covered_display": "100", "missing_lines": 0, "excluded_lines": 0}, "missing_lines": [], "excluded_lines": []}, "KnowledgeGraphVisualizer._custom_hierarchical_layout": {"executed_lines": [216, 218, 222, 225, 226, 229, 230, 231, 232, 233, 236, 237, 238, 239, 242, 244, 245, 246, 248, 249, 251], "summary": {"covered_lines": 21, "num_statements": 26, "percent_covered": 80.76923076923077, "percent_covered_display": "81", "missing_lines": 5, "excluded_lines": 0}, "missing_lines": [219, 240, 253, 254, 255], "excluded_lines": []}, "KnowledgeGraphVisualizer._compute_shell_layout": {"executed_lines": [], "summary": {"covered_lines": 0, "num_statements": 13, "percent_covered": 0.0, "percent_covered_display": "0", "missing_lines": 13, "excluded_lines": 0}, "missing_lines": [260, 261, 264, 265, 266, 267, 270, 271, 276, 277, 279, 280, 282], "excluded_lines": []}, "KnowledgeGraphVisualizer.create_matplotlib_visualization": {"executed_lines": [310, 316, 319, 322, 325, 328, 331, 334, 335, 338, 341, 351], "summary": {"covered_lines": 12, "num_statements": 15, "percent_covered": 80.0, "percent_covered_display": "80", "missing_lines": 3, "excluded_lines": 0}, "missing_lines": [342, 343, 349], "excluded_lines": []}, "KnowledgeGraphVisualizer._draw_nodes_by_type": {"executed_lines": [361, 364, 365, 366, 367, 368, 371, 372, 375, 378, 379, 380, 381, 382, 385], "summary": {"covered_lines": 15, "num_statements": 16, "percent_covered": 93.75, "percent_covered_display": "94", "missing_lines": 1, "excluded_lines": 0}, "missing_lines": [373], "excluded_lines": []}, "KnowledgeGraphVisualizer._calculate_node_size": {"executed_lines": [399, 402, 403, 405, 406, 408, 409, 411], "summary": {"covered_lines": 8, "num_statements": 8, "percent_covered": 100.0, "percent_covered_display": "100", "missing_lines": 0, "excluded_lines": 0}, "missing_lines": [], "excluded_lines": []}, "KnowledgeGraphVisualizer._draw_edges_with_styles": {"executed_lines": [417, 420, 421, 422, 423, 424, 427, 428, 431, 432, 435, 438, 441], "summary": {"covered_lines": 13, "num_statements": 14, "percent_covered": 92.85714285714286, "percent_covered_display": "93", "missing_lines": 1, "excluded_lines": 0}, "missing_lines": [429], "excluded_lines": []}, "KnowledgeGraphVisualizer._calculate_edge_width": {"executed_lines": [456, 457], "summary": {"covered_lines": 2, "num_statements": 2, "percent_covered": 100.0, "percent_covered_display": "100", "missing_lines": 0, "excluded_lines": 0}, "missing_lines": [], "excluded_lines": []}, "KnowledgeGraphVisualizer._draw_node_labels": {"executed_lines": [467, 468, 470, 471, 472, 473, 475], "summary": {"covered_lines": 7, "num_statements": 7, "percent_covered": 100.0, "percent_covered_display": "100", "missing_lines": 0, "excluded_lines": 0}, "missing_lines": [], "excluded_lines": []}, "KnowledgeGraphVisualizer._add_legend": {"executed_lines": [488, 491, 492, 493, 494, 496, 497, 500], "summary": {"covered_lines": 8, "num_statements": 8, "percent_covered": 100.0, "percent_covered_display": "100", "missing_lines": 0, "excluded_lines": 0}, "missing_lines": [], "excluded_lines": []}, "KnowledgeGraphVisualizer.create_plotly_visualization": {"executed_lines": [532, 535, 538, 541, 551, 554, 557, 562], "summary": {"covered_lines": 8, "num_statements": 11, "percent_covered": 72.72727272727273, "percent_covered_display": "73", "missing_lines": 3, "excluded_lines": 0}, "missing_lines": [558, 559, 560], "excluded_lines": []}, "KnowledgeGraphVisualizer._prepare_edge_coordinates": {"executed_lines": [568, 569, 571, 572, 573, 574, 575, 576, 578], "summary": {"covered_lines": 9, "num_statements": 9, "percent_covered": 100.0, "percent_covered_display": "100", "missing_lines": 0, "excluded_lines": 0}, "missing_lines": [], "excluded_lines": []}, "KnowledgeGraphVisualizer._prepare_node_trace": {"executed_lines": [584, 585, 586, 587, 588, 589, 591, 592, 593, 594, 595, 598, 599, 602, 603, 604, 607, 610, 611, 612, 613, 614, 616], "summary": {"covered_lines": 23, "num_statements": 23, "percent_covered": 100.0, "percent_covered_display": "100", "missing_lines": 0, "excluded_lines": 0}, "missing_lines": [], "excluded_lines": []}, "KnowledgeGraphVisualizer._configure_plotly_layout": {"executed_lines": [636], "summary": {"covered_lines": 1, "num_statements": 1, "percent_covered": 100.0, "percent_covered_display": "100", "missing_lines": 0, "excluded_lines": 0}, "missing_lines": [], "excluded_lines": []}, "KnowledgeGraphVisualizer.create_network_analysis_dashboard": {"executed_lines": [674], "summary": {"covered_lines": 1, "num_statements": 9, "percent_covered": 11.11111111111111, "percent_covered_display": "11", "missing_lines": 8, "excluded_lines": 0}, "missing_lines": [675, 678, 694, 697, 700, 703, 705, 712], "excluded_lines": []}, "KnowledgeGraphVisualizer._compute_centrality_metrics": {"executed_lines": [716], "summary": {"covered_lines": 1, "num_statements": 1, "percent_covered": 100.0, "percent_covered_display": "100", "missing_lines": 0, "excluded_lines": 0}, "missing_lines": [], "excluded_lines": []}, "KnowledgeGraphVisualizer._detect_communities": {"executed_lines": [725, 726, 728, 729], "summary": {"covered_lines": 4, "num_statements": 7, "percent_covered": 57.142857142857146, "percent_covered_display": "57", "missing_lines": 3, "excluded_lines": 0}, "missing_lines": [733, 734, 735], "excluded_lines": []}, "KnowledgeGraphVisualizer._add_centrality_distribution": {"executed_lines": [], "summary": {"covered_lines": 0, "num_statements": 2, "percent_covered": 0.0, "percent_covered_display": "0", "missing_lines": 2, "excluded_lines": 0}, "missing_lines": [741, 743], "excluded_lines": []}, "KnowledgeGraphVisualizer._add_community_visualization": {"executed_lines": [], "summary": {"covered_lines": 0, "num_statements": 11, "percent_covered": 0.0, "percent_covered_display": "0", "missing_lines": 11, "excluded_lines": 0}, "missing_lines": [749, 750, 752, 755, 757, 758, 759, 761, 762, 763, 765], "excluded_lines": []}, "KnowledgeGraphVisualizer._add_node_type_distribution": {"executed_lines": [], "summary": {"covered_lines": 0, "num_statements": 5, "percent_covered": 0.0, "percent_covered_display": "0", "missing_lines": 5, "excluded_lines": 0}, "missing_lines": [782, 783, 784, 787, 789], "excluded_lines": []}, "main": {"executed_lines": [], "summary": {"covered_lines": 0, "num_statements": 9, "percent_covered": 0.0, "percent_covered_display": "0", "missing_lines": 9, "excluded_lines": 0}, "missing_lines": [803, 805, 807, 809, 810, 813, 816, 819, 822], "excluded_lines": []}, "": {"executed_lines": [1, 18, 19, 20, 21, 22, 23, 25, 26, 27, 28, 29, 30, 31, 32, 34, 35, 37, 40, 41, 42, 44, 45, 46, 47, 48, 49, 50, 51, 54, 55, 62, 84, 105, 118, 137, 189, 201, 212, 257, 284, 353, 397, 413, 454, 459, 485, 507, 564, 580, 634, 661, 714, 723, 737, 745, 778, 800, 825], "summary": {"covered_lines": 56, "num_statements": 57, "percent_covered": 98.24561403508773, "percent_covered_display": "98", "missing_lines": 1, "excluded_lines": 0}, "missing_lines": [826], "excluded_lines": []}}, "classes": {"VisualizationConfig": {"executed_lines": [], "summary": {"covered_lines": 0, "num_statements": 0, "percent_covered": 100.0, "percent_covered_display": "100", "missing_lines": 0, "excluded_lines": 0}, "missing_lines": [], "excluded_lines": []}, "KnowledgeGraphVisualizer": {"executed_lines": [69, 70, 73, 74, 77, 80, 82, 86, 88, 107, 108, 113, 114, 120, 121, 123, 124, 126, 127, 128, 129, 130, 133, 135, 154, 155, 157, 158, 159, 161, 163, 164, 165, 166, 167, 168, 169, 170, 172, 175, 176, 179, 180, 182, 191, 193, 194, 195, 197, 205, 207, 208, 210, 216, 218, 222, 225, 226, 229, 230, 231, 232, 233, 236, 237, 238, 239, 242, 244, 245, 246, 248, 249, 251, 310, 316, 319, 322, 325, 328, 331, 334, 335, 338, 341, 351, 361, 364, 365, 366, 367, 368, 371, 372, 375, 378, 379, 380, 381, 382, 385, 399, 402, 403, 405, 406, 408, 409, 411, 417, 420, 421, 422, 423, 424, 427, 428, 431, 432, 435, 438, 441, 456, 457, 467, 468, 470, 471, 472, 473, 475, 488, 491, 492, 493, 494, 496, 497, 500, 532, 535, 538, 541, 551, 554, 557, 562, 568, 569, 571, 572, 573, 574, 575, 576, 578, 584, 585, 586, 587, 588, 589, 591, 592, 593, 594, 595, 598, 599, 602, 603, 604, 607, 610, 611, 612, 613, 614, 616, 636, 674, 716, 725, 726, 728, 729], "summary": {"covered_lines": 186, "num_statements": 248, "percent_covered": 75.0, "percent_covered_display": "75", "missing_lines": 62, "excluded_lines": 0}, "missing_lines": [115, 116, 171, 173, 184, 185, 187, 219, 240, 253, 254, 255, 260, 261, 264, 265, 266, 267, 270, 271, 276, 277, 279, 280, 282, 342, 343, 349, 373, 429, 558, 559, 560, 675, 678, 694, 697, 700, 703, 705, 712, 733, 734, 735, 741, 743, 749, 750, 752, 755, 757, 758, 759, 761, 762, 763, 765, 782, 783, 784, 787, 789], "excluded_lines": []}, "": {"executed_lines": [1, 18, 19, 20, 21, 22, 23, 25, 26, 27, 28, 29, 30, 31, 32, 34, 35, 37, 40, 41, 42, 44, 45, 46, 47, 48, 49, 50, 51, 54, 55, 62, 84, 105, 118, 137, 189, 201, 212, 257, 284, 353, 397, 413, 454, 459, 485, 507, 564, 580, 634, 661, 714, 723, 737, 745, 778, 800, 825], "summary": {"covered_lines": 56, "num_statements": 66, "percent_covered": 84.84848484848484, "percent_covered_display": "85", "missing_lines": 10, "excluded_lines": 0}, "missing_lines": [803, 805, 807, 809, 810, 813, 816, 819, 822, 826], "excluded_lines": []}}}}, "totals": {"covered_lines": 697, "num_statements": 1121, "percent_covered": 62.176628010704725, "percent_covered_display": "62", "missing_lines": 424, "excluded_lines": 0}}