{"meta": {"format": 3, "version": "7.8.2", "timestamp": "2025-05-29T10:03:13.576125", "branch_coverage": false, "show_contexts": false}, "files": {"src\\__init__.py": {"executed_lines": [], "summary": {"covered_lines": 0, "num_statements": 55, "percent_covered": 0.0, "percent_covered_display": "0", "missing_lines": 55, "excluded_lines": 0}, "missing_lines": [20, 21, 22, 23, 24, 27, 28, 31, 32, 33, 36, 39, 40, 41, 42, 43, 46, 66, 68, 70, 77, 80, 90, 93, 102, 109, 116, 119, 126, 136, 143, 145, 147, 155, 156, 157, 158, 159, 160, 162, 165, 169, 170, 172, 173, 174, 175, 177, 178, 179, 180, 181, 185, 187, 213], "excluded_lines": [], "functions": {"get_version": {"executed_lines": [], "summary": {"covered_lines": 0, "num_statements": 1, "percent_covered": 0.0, "percent_covered_display": "0", "missing_lines": 1, "excluded_lines": 0}, "missing_lines": [116], "excluded_lines": []}, "get_version_info": {"executed_lines": [], "summary": {"covered_lines": 0, "num_statements": 1, "percent_covered": 0.0, "percent_covered_display": "0", "missing_lines": 1, "excluded_lines": 0}, "missing_lines": [126], "excluded_lines": []}, "check_dependencies": {"executed_lines": [], "summary": {"covered_lines": 0, "num_statements": 10, "percent_covered": 0.0, "percent_covered_display": "0", "missing_lines": 10, "excluded_lines": 0}, "missing_lines": [143, 145, 147, 155, 156, 157, 158, 159, 160, 162], "excluded_lines": []}, "print_system_info": {"executed_lines": [], "summary": {"covered_lines": 0, "num_statements": 11, "percent_covered": 0.0, "percent_covered_display": "0", "missing_lines": 11, "excluded_lines": 0}, "missing_lines": [169, 170, 172, 173, 174, 175, 177, 178, 179, 180, 181], "excluded_lines": []}, "_get_module_help": {"executed_lines": [], "summary": {"covered_lines": 0, "num_statements": 1, "percent_covered": 0.0, "percent_covered_display": "0", "missing_lines": 1, "excluded_lines": 0}, "missing_lines": [187], "excluded_lines": []}, "": {"executed_lines": [], "summary": {"covered_lines": 0, "num_statements": 31, "percent_covered": 0.0, "percent_covered_display": "0", "missing_lines": 31, "excluded_lines": 0}, "missing_lines": [20, 21, 22, 23, 24, 27, 28, 31, 32, 33, 36, 39, 40, 41, 42, 43, 46, 66, 68, 70, 77, 80, 90, 93, 102, 109, 119, 136, 165, 185, 213], "excluded_lines": []}}, "classes": {"": {"executed_lines": [], "summary": {"covered_lines": 0, "num_statements": 55, "percent_covered": 0.0, "percent_covered_display": "0", "missing_lines": 55, "excluded_lines": 0}, "missing_lines": [20, 21, 22, 23, 24, 27, 28, 31, 32, 33, 36, 39, 40, 41, 42, 43, 46, 66, 68, 70, 77, 80, 90, 93, 102, 109, 116, 119, 126, 136, 143, 145, 147, 155, 156, 157, 158, 159, 160, 162, 165, 169, 170, 172, 173, 174, 175, 177, 178, 179, 180, 181, 185, 187, 213], "excluded_lines": []}}}, "src\\data_models.py": {"executed_lines": [1, 21, 22, 23, 24, 25, 26, 29, 32, 33, 34, 41, 42, 43, 44, 45, 46, 47, 48, 49, 50, 52, 53, 55, 68, 69, 71, 85, 86, 87, 94, 95, 96, 97, 98, 99, 100, 101, 102, 103, 104, 105, 106, 107, 108, 110, 111, 131, 132, 153, 154, 155, 176, 177, 178, 179, 180, 181, 182, 183, 184, 185, 186, 188, 190, 193, 197, 199, 202, 216, 217, 229, 233, 238, 243, 247, 251, 253, 255, 258, 261, 264, 267, 270, 273, 274, 275, 295, 296, 297, 298, 299, 300, 301, 302, 303, 304, 305, 307, 309, 313, 314, 317, 319, 322, 335, 336, 344, 348, 354, 358, 360, 362, 365, 368, 371, 374, 377, 380, 383, 384, 385, 392, 393, 394, 395, 396, 397, 398, 399, 400, 401, 402, 403, 405, 414, 415, 416, 423, 424, 425, 426, 427, 429, 434, 438, 444, 445, 446, 449, 450, 451, 452, 453, 454, 457, 477, 499, 510, 513, 514, 517, 518, 521, 524, 525, 526, 530, 533, 536, 538], "summary": {"covered_lines": 164, "num_statements": 233, "percent_covered": 70.3862660944206, "percent_covered_display": "70", "missing_lines": 69, "excluded_lines": 0}, "missing_lines": [113, 134, 191, 194, 198, 200, 204, 205, 206, 209, 210, 211, 212, 214, 220, 221, 224, 225, 227, 231, 235, 236, 240, 241, 245, 249, 256, 259, 262, 265, 268, 310, 318, 320, 324, 325, 328, 329, 330, 331, 333, 339, 340, 342, 346, 350, 356, 363, 366, 369, 372, 375, 378, 407, 408, 409, 410, 411, 431, 432, 436, 440, 468, 491, 515, 519, 527, 531, 534], "excluded_lines": [], "functions": {"NodeType.get_display_names": {"executed_lines": [55], "summary": {"covered_lines": 1, "num_statements": 1, "percent_covered": 100.0, "percent_covered_display": "100", "missing_lines": 0, "excluded_lines": 0}, "missing_lines": [], "excluded_lines": []}, "NodeType.get_color_scheme": {"executed_lines": [71], "summary": {"covered_lines": 1, "num_statements": 1, "percent_covered": 100.0, "percent_covered_display": "100", "missing_lines": 0, "excluded_lines": 0}, "missing_lines": [], "excluded_lines": []}, "RelationType.get_display_names": {"executed_lines": [], "summary": {"covered_lines": 0, "num_statements": 1, "percent_covered": 0.0, "percent_covered_display": "0", "missing_lines": 1, "excluded_lines": 0}, "missing_lines": [113], "excluded_lines": []}, "RelationType.get_relationship_weights": {"executed_lines": [], "summary": {"covered_lines": 0, "num_statements": 1, "percent_covered": 0.0, "percent_covered_display": "0", "missing_lines": 1, "excluded_lines": 0}, "missing_lines": [134], "excluded_lines": []}, "KnowledgeNode.__post_init__": {"executed_lines": [190, 193, 197, 199], "summary": {"covered_lines": 4, "num_statements": 8, "percent_covered": 50.0, "percent_covered_display": "50", "missing_lines": 4, "excluded_lines": 0}, "missing_lines": [191, 194, 198, 200], "excluded_lines": []}, "KnowledgeNode.to_dict": {"executed_lines": [], "summary": {"covered_lines": 0, "num_statements": 8, "percent_covered": 0.0, "percent_covered_display": "0", "missing_lines": 8, "excluded_lines": 0}, "missing_lines": [204, 205, 206, 209, 210, 211, 212, 214], "excluded_lines": []}, "KnowledgeNode.from_dict": {"executed_lines": [], "summary": {"covered_lines": 0, "num_statements": 5, "percent_covered": 0.0, "percent_covered_display": "0", "missing_lines": 5, "excluded_lines": 0}, "missing_lines": [220, 221, 224, 225, 227], "excluded_lines": []}, "KnowledgeNode.update_timestamp": {"executed_lines": [], "summary": {"covered_lines": 0, "num_statements": 1, "percent_covered": 0.0, "percent_covered_display": "0", "missing_lines": 1, "excluded_lines": 0}, "missing_lines": [231], "excluded_lines": []}, "KnowledgeNode.add_tag": {"executed_lines": [], "summary": {"covered_lines": 0, "num_statements": 2, "percent_covered": 0.0, "percent_covered_display": "0", "missing_lines": 2, "excluded_lines": 0}, "missing_lines": [235, 236], "excluded_lines": []}, "KnowledgeNode.remove_tag": {"executed_lines": [], "summary": {"covered_lines": 0, "num_statements": 2, "percent_covered": 0.0, "percent_covered_display": "0", "missing_lines": 2, "excluded_lines": 0}, "missing_lines": [240, 241], "excluded_lines": []}, "KnowledgeNode.get_display_name": {"executed_lines": [], "summary": {"covered_lines": 0, "num_statements": 1, "percent_covered": 0.0, "percent_covered_display": "0", "missing_lines": 1, "excluded_lines": 0}, "missing_lines": [245], "excluded_lines": []}, "KnowledgeNode.get_color": {"executed_lines": [], "summary": {"covered_lines": 0, "num_statements": 1, "percent_covered": 0.0, "percent_covered_display": "0", "missing_lines": 1, "excluded_lines": 0}, "missing_lines": [249], "excluded_lines": []}, "KnowledgeNode.validate": {"executed_lines": [253, 255, 258, 261, 264, 267, 270], "summary": {"covered_lines": 7, "num_statements": 12, "percent_covered": 58.333333333333336, "percent_covered_display": "58", "missing_lines": 5, "excluded_lines": 0}, "missing_lines": [256, 259, 262, 265, 268], "excluded_lines": []}, "KnowledgeEdge.__post_init__": {"executed_lines": [309, 313, 314, 317, 319], "summary": {"covered_lines": 5, "num_statements": 8, "percent_covered": 62.5, "percent_covered_display": "62", "missing_lines": 3, "excluded_lines": 0}, "missing_lines": [310, 318, 320], "excluded_lines": []}, "KnowledgeEdge.to_dict": {"executed_lines": [], "summary": {"covered_lines": 0, "num_statements": 7, "percent_covered": 0.0, "percent_covered_display": "0", "missing_lines": 7, "excluded_lines": 0}, "missing_lines": [324, 325, 328, 329, 330, 331, 333], "excluded_lines": []}, "KnowledgeEdge.from_dict": {"executed_lines": [], "summary": {"covered_lines": 0, "num_statements": 3, "percent_covered": 0.0, "percent_covered_display": "0", "missing_lines": 3, "excluded_lines": 0}, "missing_lines": [339, 340, 342], "excluded_lines": []}, "KnowledgeEdge.update_timestamp": {"executed_lines": [], "summary": {"covered_lines": 0, "num_statements": 1, "percent_covered": 0.0, "percent_covered_display": "0", "missing_lines": 1, "excluded_lines": 0}, "missing_lines": [346], "excluded_lines": []}, "KnowledgeEdge.get_display_name": {"executed_lines": [], "summary": {"covered_lines": 0, "num_statements": 1, "percent_covered": 0.0, "percent_covered_display": "0", "missing_lines": 1, "excluded_lines": 0}, "missing_lines": [350], "excluded_lines": []}, "KnowledgeEdge.get_default_weight": {"executed_lines": [], "summary": {"covered_lines": 0, "num_statements": 1, "percent_covered": 0.0, "percent_covered_display": "0", "missing_lines": 1, "excluded_lines": 0}, "missing_lines": [356], "excluded_lines": []}, "KnowledgeEdge.validate": {"executed_lines": [360, 362, 365, 368, 371, 374, 377, 380], "summary": {"covered_lines": 8, "num_statements": 14, "percent_covered": 57.142857142857146, "percent_covered_display": "57", "missing_lines": 6, "excluded_lines": 0}, "missing_lines": [363, 366, 369, 372, 375, 378], "excluded_lines": []}, "GraphMetadata.to_dict": {"executed_lines": [], "summary": {"covered_lines": 0, "num_statements": 5, "percent_covered": 0.0, "percent_covered_display": "0", "missing_lines": 5, "excluded_lines": 0}, "missing_lines": [407, 408, 409, 410, 411], "excluded_lines": []}, "ValidationResult.add_error": {"executed_lines": [], "summary": {"covered_lines": 0, "num_statements": 2, "percent_covered": 0.0, "percent_covered_display": "0", "missing_lines": 2, "excluded_lines": 0}, "missing_lines": [431, 432], "excluded_lines": []}, "ValidationResult.add_warning": {"executed_lines": [], "summary": {"covered_lines": 0, "num_statements": 1, "percent_covered": 0.0, "percent_covered_display": "0", "missing_lines": 1, "excluded_lines": 0}, "missing_lines": [436], "excluded_lines": []}, "ValidationResult.to_dict": {"executed_lines": [], "summary": {"covered_lines": 0, "num_statements": 1, "percent_covered": 0.0, "percent_covered_display": "0", "missing_lines": 1, "excluded_lines": 0}, "missing_lines": [440], "excluded_lines": []}, "create_sample_node": {"executed_lines": [], "summary": {"covered_lines": 0, "num_statements": 1, "percent_covered": 0.0, "percent_covered_display": "0", "missing_lines": 1, "excluded_lines": 0}, "missing_lines": [468], "excluded_lines": []}, "create_sample_edge": {"executed_lines": [], "summary": {"covered_lines": 0, "num_statements": 1, "percent_covered": 0.0, "percent_covered_display": "0", "missing_lines": 1, "excluded_lines": 0}, "missing_lines": [491], "excluded_lines": []}, "validate_graph_data": {"executed_lines": [510, 513, 514, 517, 518, 521, 524, 525, 526, 530, 533, 536, 538], "summary": {"covered_lines": 13, "num_statements": 18, "percent_covered": 72.22222222222223, "percent_covered_display": "72", "missing_lines": 5, "excluded_lines": 0}, "missing_lines": [515, 519, 527, 531, 534], "excluded_lines": []}, "": {"executed_lines": [1, 21, 22, 23, 24, 25, 26, 29, 32, 33, 34, 41, 42, 43, 44, 45, 46, 47, 48, 49, 50, 52, 53, 68, 69, 85, 86, 87, 94, 95, 96, 97, 98, 99, 100, 101, 102, 103, 104, 105, 106, 107, 108, 110, 111, 131, 132, 153, 154, 155, 176, 177, 178, 179, 180, 181, 182, 183, 184, 185, 186, 188, 202, 216, 217, 229, 233, 238, 243, 247, 251, 273, 274, 275, 295, 296, 297, 298, 299, 300, 301, 302, 303, 304, 305, 307, 322, 335, 336, 344, 348, 354, 358, 383, 384, 385, 392, 393, 394, 395, 396, 397, 398, 399, 400, 401, 402, 403, 405, 414, 415, 416, 423, 424, 425, 426, 427, 429, 434, 438, 444, 445, 446, 449, 450, 451, 452, 453, 454, 457, 477, 499], "summary": {"covered_lines": 125, "num_statements": 125, "percent_covered": 100.0, "percent_covered_display": "100", "missing_lines": 0, "excluded_lines": 0}, "missing_lines": [], "excluded_lines": []}}, "classes": {"NodeType": {"executed_lines": [55, 71], "summary": {"covered_lines": 2, "num_statements": 2, "percent_covered": 100.0, "percent_covered_display": "100", "missing_lines": 0, "excluded_lines": 0}, "missing_lines": [], "excluded_lines": []}, "RelationType": {"executed_lines": [], "summary": {"covered_lines": 0, "num_statements": 2, "percent_covered": 0.0, "percent_covered_display": "0", "missing_lines": 2, "excluded_lines": 0}, "missing_lines": [113, 134], "excluded_lines": []}, "KnowledgeNode": {"executed_lines": [190, 193, 197, 199, 253, 255, 258, 261, 264, 267, 270], "summary": {"covered_lines": 11, "num_statements": 40, "percent_covered": 27.5, "percent_covered_display": "28", "missing_lines": 29, "excluded_lines": 0}, "missing_lines": [191, 194, 198, 200, 204, 205, 206, 209, 210, 211, 212, 214, 220, 221, 224, 225, 227, 231, 235, 236, 240, 241, 245, 249, 256, 259, 262, 265, 268], "excluded_lines": []}, "KnowledgeEdge": {"executed_lines": [309, 313, 314, 317, 319, 360, 362, 365, 368, 371, 374, 377, 380], "summary": {"covered_lines": 13, "num_statements": 35, "percent_covered": 37.142857142857146, "percent_covered_display": "37", "missing_lines": 22, "excluded_lines": 0}, "missing_lines": [310, 318, 320, 324, 325, 328, 329, 330, 331, 333, 339, 340, 342, 346, 350, 356, 363, 366, 369, 372, 375, 378], "excluded_lines": []}, "GraphMetadata": {"executed_lines": [], "summary": {"covered_lines": 0, "num_statements": 5, "percent_covered": 0.0, "percent_covered_display": "0", "missing_lines": 5, "excluded_lines": 0}, "missing_lines": [407, 408, 409, 410, 411], "excluded_lines": []}, "ValidationResult": {"executed_lines": [], "summary": {"covered_lines": 0, "num_statements": 4, "percent_covered": 0.0, "percent_covered_display": "0", "missing_lines": 4, "excluded_lines": 0}, "missing_lines": [431, 432, 436, 440], "excluded_lines": []}, "": {"executed_lines": [1, 21, 22, 23, 24, 25, 26, 29, 32, 33, 34, 41, 42, 43, 44, 45, 46, 47, 48, 49, 50, 52, 53, 68, 69, 85, 86, 87, 94, 95, 96, 97, 98, 99, 100, 101, 102, 103, 104, 105, 106, 107, 108, 110, 111, 131, 132, 153, 154, 155, 176, 177, 178, 179, 180, 181, 182, 183, 184, 185, 186, 188, 202, 216, 217, 229, 233, 238, 243, 247, 251, 273, 274, 275, 295, 296, 297, 298, 299, 300, 301, 302, 303, 304, 305, 307, 322, 335, 336, 344, 348, 354, 358, 383, 384, 385, 392, 393, 394, 395, 396, 397, 398, 399, 400, 401, 402, 403, 405, 414, 415, 416, 423, 424, 425, 426, 427, 429, 434, 438, 444, 445, 446, 449, 450, 451, 452, 453, 454, 457, 477, 499, 510, 513, 514, 517, 518, 521, 524, 525, 526, 530, 533, 536, 538], "summary": {"covered_lines": 138, "num_statements": 145, "percent_covered": 95.17241379310344, "percent_covered_display": "95", "missing_lines": 7, "excluded_lines": 0}, "missing_lines": [468, 491, 515, 519, 527, 531, 534], "excluded_lines": []}}}, "src\\document_processor.py": {"executed_lines": [], "summary": {"covered_lines": 0, "num_statements": 50, "percent_covered": 0.0, "percent_covered_display": "0", "missing_lines": 50, "excluded_lines": 0}, "missing_lines": [1, 2, 3, 5, 6, 7, 8, 11, 12, 13, 14, 15, 17, 20, 21, 22, 23, 25, 28, 29, 31, 33, 35, 36, 37, 38, 40, 42, 44, 45, 47, 49, 51, 52, 53, 54, 55, 57, 60, 79, 84, 91, 92, 95, 98, 99, 100, 101, 102, 104], "excluded_lines": [], "functions": {"DocumentProcessor.__init__": {"executed_lines": [], "summary": {"covered_lines": 0, "num_statements": 3, "percent_covered": 0.0, "percent_covered_display": "0", "missing_lines": 3, "excluded_lines": 0}, "missing_lines": [13, 14, 15], "excluded_lines": []}, "DocumentProcessor.process_document": {"executed_lines": [], "summary": {"covered_lines": 0, "num_statements": 7, "percent_covered": 0.0, "percent_covered_display": "0", "missing_lines": 7, "excluded_lines": 0}, "missing_lines": [20, 21, 22, 23, 25, 28, 29], "excluded_lines": []}, "DocumentProcessor._extract_pdf_content": {"executed_lines": [], "summary": {"covered_lines": 0, "num_statements": 10, "percent_covered": 0.0, "percent_covered_display": "0", "missing_lines": 10, "excluded_lines": 0}, "missing_lines": [33, 35, 36, 37, 38, 40, 42, 44, 45, 47], "excluded_lines": []}, "DocumentProcessor._extract_word_content": {"executed_lines": [], "summary": {"covered_lines": 0, "num_statements": 5, "percent_covered": 0.0, "percent_covered_display": "0", "missing_lines": 5, "excluded_lines": 0}, "missing_lines": [51, 52, 53, 54, 55], "excluded_lines": []}, "DocumentProcessor._extract_knowledge_with_llm": {"executed_lines": [], "summary": {"covered_lines": 0, "num_statements": 12, "percent_covered": 0.0, "percent_covered_display": "0", "missing_lines": 12, "excluded_lines": 0}, "missing_lines": [60, 79, 84, 91, 92, 95, 98, 99, 100, 101, 102, 104], "excluded_lines": []}, "": {"executed_lines": [], "summary": {"covered_lines": 0, "num_statements": 13, "percent_covered": 0.0, "percent_covered_display": "0", "missing_lines": 13, "excluded_lines": 0}, "missing_lines": [1, 2, 3, 5, 6, 7, 8, 11, 12, 17, 31, 49, 57], "excluded_lines": []}}, "classes": {"DocumentProcessor": {"executed_lines": [], "summary": {"covered_lines": 0, "num_statements": 37, "percent_covered": 0.0, "percent_covered_display": "0", "missing_lines": 37, "excluded_lines": 0}, "missing_lines": [13, 14, 15, 20, 21, 22, 23, 25, 28, 29, 33, 35, 36, 37, 38, 40, 42, 44, 45, 47, 51, 52, 53, 54, 55, 60, 79, 84, 91, 92, 95, 98, 99, 100, 101, 102, 104], "excluded_lines": []}, "": {"executed_lines": [], "summary": {"covered_lines": 0, "num_statements": 13, "percent_covered": 0.0, "percent_covered_display": "0", "missing_lines": 13, "excluded_lines": 0}, "missing_lines": [1, 2, 3, 5, 6, 7, 8, 11, 12, 17, 31, 49, 57], "excluded_lines": []}}}, "src\\graph_manager.py": {"executed_lines": [], "summary": {"covered_lines": 0, "num_statements": 42, "percent_covered": 0.0, "percent_covered_display": "0", "missing_lines": 42, "excluded_lines": 0}, "missing_lines": [1, 2, 3, 4, 6, 7, 10, 11, 12, 13, 14, 15, 17, 19, 20, 23, 25, 26, 27, 29, 32, 34, 36, 38, 39, 40, 41, 45, 47, 49, 51, 52, 54, 55, 58, 63, 69, 71, 73, 75, 84, 87], "excluded_lines": [], "functions": {"RealTimeGraphManager.__init__": {"executed_lines": [], "summary": {"covered_lines": 0, "num_statements": 4, "percent_covered": 0.0, "percent_covered_display": "0", "missing_lines": 4, "excluded_lines": 0}, "missing_lines": [12, 13, 14, 15], "excluded_lines": []}, "RealTimeGraphManager.update_graph": {"executed_lines": [], "summary": {"covered_lines": 0, "num_statements": 8, "percent_covered": 0.0, "percent_covered_display": "0", "missing_lines": 8, "excluded_lines": 0}, "missing_lines": [19, 20, 23, 25, 26, 27, 29, 32], "excluded_lines": []}, "RealTimeGraphManager._detect_conflicts": {"executed_lines": [], "summary": {"covered_lines": 0, "num_statements": 6, "percent_covered": 0.0, "percent_covered_display": "0", "missing_lines": 6, "excluded_lines": 0}, "missing_lines": [36, 38, 39, 40, 41, 45], "excluded_lines": []}, "RealTimeGraphManager._resolve_conflicts": {"executed_lines": [], "summary": {"covered_lines": 0, "num_statements": 9, "percent_covered": 0.0, "percent_covered_display": "0", "missing_lines": 9, "excluded_lines": 0}, "missing_lines": [49, 51, 52, 54, 55, 58, 63, 69, 71], "excluded_lines": []}, "RealTimeGraphManager.get_graph_metrics": {"executed_lines": [], "summary": {"covered_lines": 0, "num_statements": 1, "percent_covered": 0.0, "percent_covered_display": "0", "missing_lines": 1, "excluded_lines": 0}, "missing_lines": [75], "excluded_lines": []}, "RealTimeGraphManager.semantic_search": {"executed_lines": [], "summary": {"covered_lines": 0, "num_statements": 1, "percent_covered": 0.0, "percent_covered_display": "0", "missing_lines": 1, "excluded_lines": 0}, "missing_lines": [87], "excluded_lines": []}, "": {"executed_lines": [], "summary": {"covered_lines": 0, "num_statements": 13, "percent_covered": 0.0, "percent_covered_display": "0", "missing_lines": 13, "excluded_lines": 0}, "missing_lines": [1, 2, 3, 4, 6, 7, 10, 11, 17, 34, 47, 73, 84], "excluded_lines": []}}, "classes": {"RealTimeGraphManager": {"executed_lines": [], "summary": {"covered_lines": 0, "num_statements": 29, "percent_covered": 0.0, "percent_covered_display": "0", "missing_lines": 29, "excluded_lines": 0}, "missing_lines": [12, 13, 14, 15, 19, 20, 23, 25, 26, 27, 29, 32, 36, 38, 39, 40, 41, 45, 49, 51, 52, 54, 55, 58, 63, 69, 71, 75, 87], "excluded_lines": []}, "": {"executed_lines": [], "summary": {"covered_lines": 0, "num_statements": 13, "percent_covered": 0.0, "percent_covered_display": "0", "missing_lines": 13, "excluded_lines": 0}, "missing_lines": [1, 2, 3, 4, 6, 7, 10, 11, 17, 34, 47, 73, 84], "excluded_lines": []}}}, "src\\knowledge_graph.py": {"executed_lines": [1, 25, 26, 27, 28, 29, 30, 31, 32, 33, 34, 35, 37, 38, 39, 41, 42, 44, 45, 69, 70, 72, 75, 76, 90, 100, 101, 104, 105, 106, 112, 113, 114, 117, 120, 122, 124, 131, 134, 135, 136, 137, 138, 139, 140, 143, 146, 149, 151, 155, 157, 217, 218, 226, 228, 230, 319, 320, 328, 330, 332, 349, 350, 358, 360, 362, 429, 430, 438, 440, 442, 484, 485, 493, 495, 497, 523, 524, 532, 534, 536, 573, 574, 582, 584, 586, 634, 635, 643, 645, 647, 648, 650, 652, 653, 662, 664, 670, 672, 675, 676, 679, 680, 681, 685, 687, 688, 689, 692, 697, 701, 723, 724, 726, 728, 730, 731, 734, 736, 737, 738, 741, 742, 743, 746, 747, 750, 751, 752, 753, 755, 756, 759, 760, 762, 784, 785, 786, 788, 790, 792, 793, 798, 800, 803, 804, 807, 808, 811, 812, 813, 815, 816, 818, 834, 835, 837, 838, 840, 841, 842, 843, 844, 845, 849, 851, 852, 854, 857, 858, 860, 862, 864, 865, 866, 868, 871, 872, 874, 878, 883, 886, 887, 889, 890, 891, 892, 897, 899, 909, 921, 923, 931, 941, 946, 947, 949, 951, 961, 969, 971, 973, 980, 982, 983, 984, 985, 987, 989, 990, 993, 994, 995, 997, 999, 1001, 1003, 1004, 1005, 1007, 1017, 1020, 1021, 1022, 1028, 1030, 1032, 1035, 1036, 1038, 1039, 1045, 1047, 1049, 1051, 1054, 1055, 1058, 1062, 1063, 1067, 1072, 1074, 1116, 1132, 1138, 1145, 1147, 1151, 1153, 1157, 1164, 1231], "summary": {"covered_lines": 251, "num_statements": 337, "percent_covered": 74.48071216617211, "percent_covered_display": "74", "missing_lines": 86, "excluded_lines": 0}, "missing_lines": [54, 55, 56, 58, 59, 809, 847, 855, 869, 875, 876, 894, 932, 991, 1059, 1064, 1070, 1090, 1091, 1093, 1094, 1096, 1097, 1098, 1099, 1100, 1101, 1102, 1103, 1105, 1106, 1108, 1109, 1111, 1112, 1114, 1118, 1120, 1127, 1128, 1130, 1134, 1135, 1136, 1140, 1141, 1142, 1159, 1167, 1169, 1170, 1173, 1176, 1177, 1179, 1180, 1181, 1182, 1183, 1186, 1187, 1188, 1189, 1190, 1193, 1194, 1195, 1196, 1197, 1198, 1201, 1202, 1205, 1208, 1211, 1214, 1217, 1218, 1219, 1222, 1223, 1224, 1225, 1227, 1228, 1232], "excluded_lines": [], "functions": {"EMCKnowledgeGraph.__init__": {"executed_lines": [100, 101, 104, 105, 106, 112, 113, 114, 117, 120, 122], "summary": {"covered_lines": 11, "num_statements": 11, "percent_covered": 100.0, "percent_covered_display": "100", "missing_lines": 0, "excluded_lines": 0}, "missing_lines": [], "excluded_lines": []}, "EMCKnowledgeGraph._initialize_emc_domain_knowledge": {"executed_lines": [131, 134, 135, 136, 137, 138, 139, 140, 143, 146, 149, 151], "summary": {"covered_lines": 12, "num_statements": 12, "percent_covered": 100.0, "percent_covered_display": "100", "missing_lines": 0, "excluded_lines": 0}, "missing_lines": [], "excluded_lines": []}, "EMCKnowledgeGraph._create_standards_organizations": {"executed_lines": [157, 217, 218, 226], "summary": {"covered_lines": 4, "num_statements": 4, "percent_covered": 100.0, "percent_covered_display": "100", "missing_lines": 0, "excluded_lines": 0}, "missing_lines": [], "excluded_lines": []}, "EMCKnowledgeGraph._create_technical_standards": {"executed_lines": [230, 319, 320, 328], "summary": {"covered_lines": 4, "num_statements": 4, "percent_covered": 100.0, "percent_covered_display": "100", "missing_lines": 0, "excluded_lines": 0}, "missing_lines": [], "excluded_lines": []}, "EMCKnowledgeGraph._create_regulations_framework": {"executed_lines": [332, 349, 350, 358], "summary": {"covered_lines": 4, "num_statements": 4, "percent_covered": 100.0, "percent_covered_display": "100", "missing_lines": 0, "excluded_lines": 0}, "missing_lines": [], "excluded_lines": []}, "EMCKnowledgeGraph._create_test_methodologies": {"executed_lines": [362, 429, 430, 438], "summary": {"covered_lines": 4, "num_statements": 4, "percent_covered": 100.0, "percent_covered_display": "100", "missing_lines": 0, "excluded_lines": 0}, "missing_lines": [], "excluded_lines": []}, "EMCKnowledgeGraph._create_test_environments": {"executed_lines": [442, 484, 485, 493], "summary": {"covered_lines": 4, "num_statements": 4, "percent_covered": 100.0, "percent_covered_display": "100", "missing_lines": 0, "excluded_lines": 0}, "missing_lines": [], "excluded_lines": []}, "EMCKnowledgeGraph._create_vehicle_taxonomies": {"executed_lines": [497, 523, 524, 532], "summary": {"covered_lines": 4, "num_statements": 4, "percent_covered": 100.0, "percent_covered_display": "100", "missing_lines": 0, "excluded_lines": 0}, "missing_lines": [], "excluded_lines": []}, "EMCKnowledgeGraph._create_frequency_domains": {"executed_lines": [536, 573, 574, 582], "summary": {"covered_lines": 4, "num_statements": 4, "percent_covered": 100.0, "percent_covered_display": "100", "missing_lines": 0, "excluded_lines": 0}, "missing_lines": [], "excluded_lines": []}, "EMCKnowledgeGraph._establish_semantic_relationships": {"executed_lines": [586, 634, 635, 643], "summary": {"covered_lines": 4, "num_statements": 4, "percent_covered": 100.0, "percent_covered_display": "100", "missing_lines": 0, "excluded_lines": 0}, "missing_lines": [], "excluded_lines": []}, "EMCKnowledgeGraph._add_knowledge_node": {"executed_lines": [647, 648], "summary": {"covered_lines": 2, "num_statements": 2, "percent_covered": 100.0, "percent_covered_display": "100", "missing_lines": 0, "excluded_lines": 0}, "missing_lines": [], "excluded_lines": []}, "EMCKnowledgeGraph._add_knowledge_edge": {"executed_lines": [652, 653], "summary": {"covered_lines": 2, "num_statements": 2, "percent_covered": 100.0, "percent_covered_display": "100", "missing_lines": 0, "excluded_lines": 0}, "missing_lines": [], "excluded_lines": []}, "EMCKnowledgeGraph._build_semantic_index": {"executed_lines": [664, 670, 672, 675, 676, 679, 680, 681], "summary": {"covered_lines": 8, "num_statements": 8, "percent_covered": 100.0, "percent_covered_display": "100", "missing_lines": 0, "excluded_lines": 0}, "missing_lines": [], "excluded_lines": []}, "EMCKnowledgeGraph._update_graph_metadata": {"executed_lines": [687, 688, 689, 692, 697], "summary": {"covered_lines": 5, "num_statements": 5, "percent_covered": 100.0, "percent_covered_display": "100", "missing_lines": 0, "excluded_lines": 0}, "missing_lines": [], "excluded_lines": []}, "EMCKnowledgeGraph.semantic_search": {"executed_lines": [723, 724, 726, 728, 730, 731, 734, 736, 737, 738, 741, 742, 743, 746, 747, 750, 751, 752, 753, 755, 756, 759, 760], "summary": {"covered_lines": 23, "num_statements": 23, "percent_covered": 100.0, "percent_covered_display": "100", "missing_lines": 0, "excluded_lines": 0}, "missing_lines": [], "excluded_lines": []}, "EMCKnowledgeGraph.find_semantic_paths": {"executed_lines": [784, 785, 786, 788, 790, 792, 793, 798, 800, 803, 804, 807, 808, 811, 812, 813, 815, 816], "summary": {"covered_lines": 18, "num_statements": 19, "percent_covered": 94.73684210526316, "percent_covered_display": "95", "missing_lines": 1, "excluded_lines": 0}, "missing_lines": [809], "excluded_lines": []}, "EMCKnowledgeGraph.compute_semantic_similarity": {"executed_lines": [834, 835, 837, 838, 840, 841, 842, 843, 844, 845], "summary": {"covered_lines": 10, "num_statements": 11, "percent_covered": 90.9090909090909, "percent_covered_display": "91", "missing_lines": 1, "excluded_lines": 0}, "missing_lines": [847], "excluded_lines": []}, "EMCKnowledgeGraph._jaccard_similarity": {"executed_lines": [851, 852, 854, 857, 858, 860], "summary": {"covered_lines": 6, "num_statements": 7, "percent_covered": 85.71428571428571, "percent_covered_display": "86", "missing_lines": 1, "excluded_lines": 0}, "missing_lines": [855], "excluded_lines": []}, "EMCKnowledgeGraph._structural_similarity": {"executed_lines": [864, 865, 866, 868, 871, 872, 874], "summary": {"covered_lines": 7, "num_statements": 10, "percent_covered": 70.0, "percent_covered_display": "70", "missing_lines": 3, "excluded_lines": 0}, "missing_lines": [869, 875, 876], "excluded_lines": []}, "EMCKnowledgeGraph._semantic_attribute_similarity": {"executed_lines": [883, 886, 887, 889, 890, 891, 892, 897], "summary": {"covered_lines": 8, "num_statements": 9, "percent_covered": 88.88888888888889, "percent_covered_display": "89", "missing_lines": 1, "excluded_lines": 0}, "missing_lines": [894], "excluded_lines": []}, "EMCKnowledgeGraph.analyze_graph_topology": {"executed_lines": [909, 921, 923, 931, 941, 946, 947, 949], "summary": {"covered_lines": 8, "num_statements": 9, "percent_covered": 88.88888888888889, "percent_covered_display": "89", "missing_lines": 1, "excluded_lines": 0}, "missing_lines": [932], "excluded_lines": []}, "EMCKnowledgeGraph.generate_knowledge_report": {"executed_lines": [961, 969], "summary": {"covered_lines": 2, "num_statements": 2, "percent_covered": 100.0, "percent_covered_display": "100", "missing_lines": 0, "excluded_lines": 0}, "missing_lines": [], "excluded_lines": []}, "EMCKnowledgeGraph._compute_semantic_statistics": {"executed_lines": [973], "summary": {"covered_lines": 1, "num_statements": 1, "percent_covered": 100.0, "percent_covered_display": "100", "missing_lines": 0, "excluded_lines": 0}, "missing_lines": [], "excluded_lines": []}, "EMCKnowledgeGraph._compute_tag_distribution": {"executed_lines": [982, 983, 984, 985], "summary": {"covered_lines": 4, "num_statements": 4, "percent_covered": 100.0, "percent_covered_display": "100", "missing_lines": 0, "excluded_lines": 0}, "missing_lines": [], "excluded_lines": []}, "EMCKnowledgeGraph._compute_attribute_coverage": {"executed_lines": [989, 990, 993, 994, 995, 997], "summary": {"covered_lines": 6, "num_statements": 7, "percent_covered": 85.71428571428571, "percent_covered_display": "86", "missing_lines": 1, "excluded_lines": 0}, "missing_lines": [991], "excluded_lines": []}, "EMCKnowledgeGraph._assess_graph_quality": {"executed_lines": [1001, 1003, 1004, 1005, 1007], "summary": {"covered_lines": 5, "num_statements": 5, "percent_covered": 100.0, "percent_covered_display": "100", "missing_lines": 0, "excluded_lines": 0}, "missing_lines": [], "excluded_lines": []}, "EMCKnowledgeGraph._compute_completeness_score": {"executed_lines": [1020, 1021, 1022, 1028, 1030], "summary": {"covered_lines": 5, "num_statements": 5, "percent_covered": 100.0, "percent_covered_display": "100", "missing_lines": 0, "excluded_lines": 0}, "missing_lines": [], "excluded_lines": []}, "EMCKnowledgeGraph._compute_consistency_score": {"executed_lines": [1035, 1036, 1038, 1039, 1045, 1047], "summary": {"covered_lines": 6, "num_statements": 6, "percent_covered": 100.0, "percent_covered_display": "100", "missing_lines": 0, "excluded_lines": 0}, "missing_lines": [], "excluded_lines": []}, "EMCKnowledgeGraph._generate_recommendations": {"executed_lines": [1051, 1054, 1055, 1058, 1062, 1063, 1067, 1072], "summary": {"covered_lines": 8, "num_statements": 11, "percent_covered": 72.72727272727273, "percent_covered_display": "73", "missing_lines": 3, "excluded_lines": 0}, "missing_lines": [1059, 1064, 1070], "excluded_lines": []}, "EMCKnowledgeGraph.export_to_formats": {"executed_lines": [], "summary": {"covered_lines": 0, "num_statements": 19, "percent_covered": 0.0, "percent_covered_display": "0", "missing_lines": 19, "excluded_lines": 0}, "missing_lines": [1090, 1091, 1093, 1094, 1096, 1097, 1098, 1099, 1100, 1101, 1102, 1103, 1105, 1106, 1108, 1109, 1111, 1112, 1114], "excluded_lines": []}, "EMCKnowledgeGraph._export_json": {"executed_lines": [], "summary": {"covered_lines": 0, "num_statements": 5, "percent_covered": 0.0, "percent_covered_display": "0", "missing_lines": 5, "excluded_lines": 0}, "missing_lines": [1118, 1120, 1127, 1128, 1130], "excluded_lines": []}, "EMCKnowledgeGraph._export_graphml": {"executed_lines": [], "summary": {"covered_lines": 0, "num_statements": 3, "percent_covered": 0.0, "percent_covered_display": "0", "missing_lines": 3, "excluded_lines": 0}, "missing_lines": [1134, 1135, 1136], "excluded_lines": []}, "EMCKnowledgeGraph._export_gexf": {"executed_lines": [], "summary": {"covered_lines": 0, "num_statements": 3, "percent_covered": 0.0, "percent_covered_display": "0", "missing_lines": 3, "excluded_lines": 0}, "missing_lines": [1140, 1141, 1142], "excluded_lines": []}, "EMCKnowledgeGraph.create_matplotlib_visualization": {"executed_lines": [1147], "summary": {"covered_lines": 1, "num_statements": 1, "percent_covered": 100.0, "percent_covered_display": "100", "missing_lines": 0, "excluded_lines": 0}, "missing_lines": [], "excluded_lines": []}, "EMCKnowledgeGraph.create_plotly_visualization": {"executed_lines": [1153], "summary": {"covered_lines": 1, "num_statements": 1, "percent_covered": 100.0, "percent_covered_display": "100", "missing_lines": 0, "excluded_lines": 0}, "missing_lines": [], "excluded_lines": []}, "EMCKnowledgeGraph.create_analysis_dashboard": {"executed_lines": [], "summary": {"covered_lines": 0, "num_statements": 1, "percent_covered": 0.0, "percent_covered_display": "0", "missing_lines": 1, "excluded_lines": 0}, "missing_lines": [1159], "excluded_lines": []}, "main": {"executed_lines": [], "summary": {"covered_lines": 0, "num_statements": 37, "percent_covered": 0.0, "percent_covered_display": "0", "missing_lines": 37, "excluded_lines": 0}, "missing_lines": [1167, 1169, 1170, 1173, 1176, 1177, 1179, 1180, 1181, 1182, 1183, 1186, 1187, 1188, 1189, 1190, 1193, 1194, 1195, 1196, 1197, 1198, 1201, 1202, 1205, 1208, 1211, 1214, 1217, 1218, 1219, 1222, 1223, 1224, 1225, 1227, 1228], "excluded_lines": []}, "": {"executed_lines": [1, 25, 26, 27, 28, 29, 30, 31, 32, 33, 34, 35, 37, 38, 39, 41, 42, 44, 45, 69, 70, 72, 75, 76, 90, 124, 155, 228, 330, 360, 440, 495, 534, 584, 645, 650, 662, 685, 701, 762, 818, 849, 862, 878, 899, 951, 971, 980, 987, 999, 1017, 1032, 1049, 1074, 1116, 1132, 1138, 1145, 1151, 1157, 1164, 1231], "summary": {"covered_lines": 60, "num_statements": 66, "percent_covered": 90.9090909090909, "percent_covered_display": "91", "missing_lines": 6, "excluded_lines": 0}, "missing_lines": [54, 55, 56, 58, 59, 1232], "excluded_lines": []}}, "classes": {"EMCKnowledgeGraph": {"executed_lines": [100, 101, 104, 105, 106, 112, 113, 114, 117, 120, 122, 131, 134, 135, 136, 137, 138, 139, 140, 143, 146, 149, 151, 157, 217, 218, 226, 230, 319, 320, 328, 332, 349, 350, 358, 362, 429, 430, 438, 442, 484, 485, 493, 497, 523, 524, 532, 536, 573, 574, 582, 586, 634, 635, 643, 647, 648, 652, 653, 664, 670, 672, 675, 676, 679, 680, 681, 687, 688, 689, 692, 697, 723, 724, 726, 728, 730, 731, 734, 736, 737, 738, 741, 742, 743, 746, 747, 750, 751, 752, 753, 755, 756, 759, 760, 784, 785, 786, 788, 790, 792, 793, 798, 800, 803, 804, 807, 808, 811, 812, 813, 815, 816, 834, 835, 837, 838, 840, 841, 842, 843, 844, 845, 851, 852, 854, 857, 858, 860, 864, 865, 866, 868, 871, 872, 874, 883, 886, 887, 889, 890, 891, 892, 897, 909, 921, 923, 931, 941, 946, 947, 949, 961, 969, 973, 982, 983, 984, 985, 989, 990, 993, 994, 995, 997, 1001, 1003, 1004, 1005, 1007, 1020, 1021, 1022, 1028, 1030, 1035, 1036, 1038, 1039, 1045, 1047, 1051, 1054, 1055, 1058, 1062, 1063, 1067, 1072, 1147, 1153], "summary": {"covered_lines": 191, "num_statements": 234, "percent_covered": 81.62393162393163, "percent_covered_display": "82", "missing_lines": 43, "excluded_lines": 0}, "missing_lines": [809, 847, 855, 869, 875, 876, 894, 932, 991, 1059, 1064, 1070, 1090, 1091, 1093, 1094, 1096, 1097, 1098, 1099, 1100, 1101, 1102, 1103, 1105, 1106, 1108, 1109, 1111, 1112, 1114, 1118, 1120, 1127, 1128, 1130, 1134, 1135, 1136, 1140, 1141, 1142, 1159], "excluded_lines": []}, "": {"executed_lines": [1, 25, 26, 27, 28, 29, 30, 31, 32, 33, 34, 35, 37, 38, 39, 41, 42, 44, 45, 69, 70, 72, 75, 76, 90, 124, 155, 228, 330, 360, 440, 495, 534, 584, 645, 650, 662, 685, 701, 762, 818, 849, 862, 878, 899, 951, 971, 980, 987, 999, 1017, 1032, 1049, 1074, 1116, 1132, 1138, 1145, 1151, 1157, 1164, 1231], "summary": {"covered_lines": 60, "num_statements": 103, "percent_covered": 58.25242718446602, "percent_covered_display": "58", "missing_lines": 43, "excluded_lines": 0}, "missing_lines": [54, 55, 56, 58, 59, 1167, 1169, 1170, 1173, 1176, 1177, 1179, 1180, 1181, 1182, 1183, 1186, 1187, 1188, 1189, 1190, 1193, 1194, 1195, 1196, 1197, 1198, 1201, 1202, 1205, 1208, 1211, 1214, 1217, 1218, 1219, 1222, 1223, 1224, 1225, 1227, 1228, 1232], "excluded_lines": []}}}, "src\\utils.py": {"executed_lines": [1, 21, 22, 23, 24, 25, 26, 27, 28, 29, 30, 31, 33, 36, 39, 57, 60, 101, 102, 103, 104, 106, 108, 121, 124, 137, 139, 140, 141, 143, 145, 148, 240, 255, 290, 315, 348, 368, 392, 423, 450, 464, 488, 516, 562], "summary": {"covered_lines": 44, "num_statements": 186, "percent_covered": 23.655913978494624, "percent_covered_display": "24", "missing_lines": 142, "excluded_lines": 0}, "missing_lines": [110, 112, 113, 114, 115, 118, 119, 168, 169, 172, 175, 176, 179, 180, 181, 183, 186, 187, 190, 193, 196, 199, 200, 201, 202, 205, 206, 212, 213, 214, 215, 216, 219, 220, 226, 227, 228, 229, 230, 233, 234, 235, 237, 250, 251, 252, 269, 272, 273, 274, 277, 278, 279, 280, 281, 284, 286, 287, 301, 302, 304, 312, 327, 330, 333, 336, 337, 340, 341, 342, 343, 345, 359, 361, 362, 363, 365, 375, 399, 400, 402, 403, 405, 411, 413, 415, 416, 434, 435, 436, 437, 438, 439, 440, 442, 444, 445, 446, 447, 461, 478, 479, 480, 481, 482, 484, 485, 498, 499, 501, 502, 503, 504, 505, 506, 508, 509, 510, 511, 513, 528, 529, 531, 532, 533, 534, 535, 537, 538, 539, 540, 541, 542, 543, 544, 548, 549, 551, 552, 554, 556, 558], "excluded_lines": [], "functions": {"load_config": {"executed_lines": [57, 60, 101, 102, 103, 104, 106, 108, 121], "summary": {"covered_lines": 9, "num_statements": 16, "percent_covered": 56.25, "percent_covered_display": "56", "missing_lines": 7, "excluded_lines": 0}, "missing_lines": [110, 112, 113, 114, 115, 118, 119], "excluded_lines": []}, "_deep_merge_dict": {"executed_lines": [137, 139, 140, 141, 143, 145], "summary": {"covered_lines": 6, "num_statements": 6, "percent_covered": 100.0, "percent_covered_display": "100", "missing_lines": 0, "excluded_lines": 0}, "missing_lines": [], "excluded_lines": []}, "setup_logging": {"executed_lines": [], "summary": {"covered_lines": 0, "num_statements": 36, "percent_covered": 0.0, "percent_covered_display": "0", "missing_lines": 36, "excluded_lines": 0}, "missing_lines": [168, 169, 172, 175, 176, 179, 180, 181, 183, 186, 187, 190, 193, 196, 199, 200, 201, 202, 205, 206, 212, 213, 214, 215, 216, 219, 220, 226, 227, 228, 229, 230, 233, 234, 235, 237], "excluded_lines": []}, "ensure_directory": {"executed_lines": [], "summary": {"covered_lines": 0, "num_statements": 3, "percent_covered": 0.0, "percent_covered_display": "0", "missing_lines": 3, "excluded_lines": 0}, "missing_lines": [250, 251, 252], "excluded_lines": []}, "validate_data_structure": {"executed_lines": [], "summary": {"covered_lines": 0, "num_statements": 12, "percent_covered": 0.0, "percent_covered_display": "0", "missing_lines": 12, "excluded_lines": 0}, "missing_lines": [269, 272, 273, 274, 277, 278, 279, 280, 281, 284, 286, 287], "excluded_lines": []}, "format_timestamp": {"executed_lines": [], "summary": {"covered_lines": 0, "num_statements": 4, "percent_covered": 0.0, "percent_covered_display": "0", "missing_lines": 4, "excluded_lines": 0}, "missing_lines": [301, 302, 304, 312], "excluded_lines": []}, "sanitize_filename": {"executed_lines": [], "summary": {"covered_lines": 0, "num_statements": 10, "percent_covered": 0.0, "percent_covered_display": "0", "missing_lines": 10, "excluded_lines": 0}, "missing_lines": [327, 330, 333, 336, 337, 340, 341, 342, 343, 345], "excluded_lines": []}, "calculate_file_hash": {"executed_lines": [], "summary": {"covered_lines": 0, "num_statements": 5, "percent_covered": 0.0, "percent_covered_display": "0", "missing_lines": 5, "excluded_lines": 0}, "missing_lines": [359, 361, 362, 363, 365], "excluded_lines": []}, "get_system_info": {"executed_lines": [], "summary": {"covered_lines": 0, "num_statements": 1, "percent_covered": 0.0, "percent_covered_display": "0", "missing_lines": 1, "excluded_lines": 0}, "missing_lines": [375], "excluded_lines": []}, "memory_usage": {"executed_lines": [], "summary": {"covered_lines": 0, "num_statements": 9, "percent_covered": 0.0, "percent_covered_display": "0", "missing_lines": 9, "excluded_lines": 0}, "missing_lines": [399, 400, 402, 403, 405, 411, 413, 415, 416], "excluded_lines": []}, "safe_json_serialize": {"executed_lines": [], "summary": {"covered_lines": 0, "num_statements": 5, "percent_covered": 0.0, "percent_covered_display": "0", "missing_lines": 5, "excluded_lines": 0}, "missing_lines": [434, 444, 445, 446, 447], "excluded_lines": []}, "safe_json_serialize.default_serializer": {"executed_lines": [], "summary": {"covered_lines": 0, "num_statements": 7, "percent_covered": 0.0, "percent_covered_display": "0", "missing_lines": 7, "excluded_lines": 0}, "missing_lines": [435, 436, 437, 438, 439, 440, 442], "excluded_lines": []}, "chunk_list": {"executed_lines": [], "summary": {"covered_lines": 0, "num_statements": 1, "percent_covered": 0.0, "percent_covered_display": "0", "missing_lines": 1, "excluded_lines": 0}, "missing_lines": [461], "excluded_lines": []}, "flatten_dict": {"executed_lines": [], "summary": {"covered_lines": 0, "num_statements": 7, "percent_covered": 0.0, "percent_covered_display": "0", "missing_lines": 7, "excluded_lines": 0}, "missing_lines": [478, 479, 480, 481, 482, 484, 485], "excluded_lines": []}, "timing_decorator": {"executed_lines": [], "summary": {"covered_lines": 0, "num_statements": 5, "percent_covered": 0.0, "percent_covered_display": "0", "missing_lines": 5, "excluded_lines": 0}, "missing_lines": [498, 499, 501, 502, 513], "excluded_lines": []}, "timing_decorator.wrapper": {"executed_lines": [], "summary": {"covered_lines": 0, "num_statements": 8, "percent_covered": 0.0, "percent_covered_display": "0", "missing_lines": 8, "excluded_lines": 0}, "missing_lines": [503, 504, 505, 506, 508, 509, 510, 511], "excluded_lines": []}, "retry_on_exception": {"executed_lines": [], "summary": {"covered_lines": 0, "num_statements": 5, "percent_covered": 0.0, "percent_covered_display": "0", "missing_lines": 5, "excluded_lines": 0}, "missing_lines": [528, 529, 531, 532, 558], "excluded_lines": []}, "retry_on_exception.decorator": {"executed_lines": [], "summary": {"covered_lines": 0, "num_statements": 2, "percent_covered": 0.0, "percent_covered_display": "0", "missing_lines": 2, "excluded_lines": 0}, "missing_lines": [533, 556], "excluded_lines": []}, "retry_on_exception.decorator.wrapper": {"executed_lines": [], "summary": {"covered_lines": 0, "num_statements": 15, "percent_covered": 0.0, "percent_covered_display": "0", "missing_lines": 15, "excluded_lines": 0}, "missing_lines": [534, 535, 537, 538, 539, 540, 541, 542, 543, 544, 548, 549, 551, 552, 554], "excluded_lines": []}, "": {"executed_lines": [1, 21, 22, 23, 24, 25, 26, 27, 28, 29, 30, 31, 33, 36, 39, 124, 148, 240, 255, 290, 315, 348, 368, 392, 423, 450, 464, 488, 516, 562], "summary": {"covered_lines": 29, "num_statements": 29, "percent_covered": 100.0, "percent_covered_display": "100", "missing_lines": 0, "excluded_lines": 0}, "missing_lines": [], "excluded_lines": []}}, "classes": {"": {"executed_lines": [1, 21, 22, 23, 24, 25, 26, 27, 28, 29, 30, 31, 33, 36, 39, 57, 60, 101, 102, 103, 104, 106, 108, 121, 124, 137, 139, 140, 141, 143, 145, 148, 240, 255, 290, 315, 348, 368, 392, 423, 450, 464, 488, 516, 562], "summary": {"covered_lines": 44, "num_statements": 186, "percent_covered": 23.655913978494624, "percent_covered_display": "24", "missing_lines": 142, "excluded_lines": 0}, "missing_lines": [110, 112, 113, 114, 115, 118, 119, 168, 169, 172, 175, 176, 179, 180, 181, 183, 186, 187, 190, 193, 196, 199, 200, 201, 202, 205, 206, 212, 213, 214, 215, 216, 219, 220, 226, 227, 228, 229, 230, 233, 234, 235, 237, 250, 251, 252, 269, 272, 273, 274, 277, 278, 279, 280, 281, 284, 286, 287, 301, 302, 304, 312, 327, 330, 333, 336, 337, 340, 341, 342, 343, 345, 359, 361, 362, 363, 365, 375, 399, 400, 402, 403, 405, 411, 413, 415, 416, 434, 435, 436, 437, 438, 439, 440, 442, 444, 445, 446, 447, 461, 478, 479, 480, 481, 482, 484, 485, 498, 499, 501, 502, 503, 504, 505, 506, 508, 509, 510, 511, 513, 528, 529, 531, 532, 533, 534, 535, 537, 538, 539, 540, 541, 542, 543, 544, 548, 549, 551, 552, 554, 556, 558], "excluded_lines": []}}}, "src\\visualizer.py": {"executed_lines": [1, 18, 19, 20, 21, 22, 23, 25, 26, 27, 28, 29, 30, 31, 32, 34, 35, 37, 40, 41, 42, 44, 45, 46, 47, 48, 49, 50, 51, 54, 55, 65, 107, 142, 143, 150, 157, 158, 161, 162, 165, 168, 170, 172, 174, 176, 193, 195, 196, 201, 202, 206, 208, 209, 211, 212, 214, 215, 216, 217, 218, 221, 223, 225, 242, 243, 245, 246, 247, 249, 251, 252, 253, 254, 255, 256, 257, 258, 260, 263, 264, 267, 268, 270, 277, 279, 281, 282, 283, 285, 289, 293, 295, 296, 298, 300, 304, 306, 310, 313, 314, 317, 318, 319, 320, 321, 324, 325, 326, 327, 330, 332, 333, 334, 336, 337, 339, 345, 372, 398, 404, 407, 410, 413, 416, 419, 422, 423, 426, 429, 439, 441, 449, 452, 453, 454, 455, 456, 459, 460, 463, 466, 467, 468, 469, 470, 473, 485, 487, 490, 491, 493, 494, 496, 497, 499, 501, 505, 508, 509, 510, 511, 512, 515, 516, 519, 520, 523, 526, 529, 542, 544, 545, 547, 555, 556, 558, 559, 560, 561, 563, 573, 576, 579, 580, 581, 582, 584, 585, 588, 595, 620, 623, 626, 629, 639, 642, 645, 650, 652, 656, 657, 659, 660, 661, 662, 663, 664, 666, 668, 672, 673, 674, 675, 676, 677, 679, 680, 681, 682, 683, 686, 687, 690, 691, 692, 695, 698, 699, 700, 701, 702, 704, 722, 724, 749, 762, 763, 766, 782, 785, 788, 791, 793, 800, 802, 804, 806, 813, 815, 816, 818, 819, 827, 831, 833, 835, 839, 842, 845, 847, 848, 849, 851, 852, 853, 855, 868, 872, 873, 874, 877, 879, 890, 915], "summary": {"covered_lines": 272, "num_statements": 334, "percent_covered": 81.437125748503, "percent_covered_display": "81", "missing_lines": 62, "excluded_lines": 0}, "missing_lines": [56, 71, 72, 73, 74, 76, 79, 80, 82, 85, 105, 109, 120, 130, 139, 203, 204, 259, 261, 272, 273, 275, 307, 328, 341, 342, 343, 348, 349, 352, 353, 354, 355, 358, 359, 364, 365, 367, 368, 370, 430, 431, 437, 461, 517, 646, 647, 648, 823, 824, 825, 840, 893, 895, 897, 899, 900, 903, 906, 909, 912, 916], "excluded_lines": [], "functions": {"GraphVisualizer.__init__": {"executed_lines": [], "summary": {"covered_lines": 0, "num_statements": 1, "percent_covered": 0.0, "percent_covered_display": "0", "missing_lines": 1, "excluded_lines": 0}, "missing_lines": [56], "excluded_lines": []}, "GraphVisualizer.create_interactive_graph": {"executed_lines": [], "summary": {"covered_lines": 0, "num_statements": 10, "percent_covered": 0.0, "percent_covered_display": "0", "missing_lines": 10, "excluded_lines": 0}, "missing_lines": [71, 72, 73, 74, 76, 79, 80, 82, 85, 105], "excluded_lines": []}, "GraphVisualizer.create_metrics_dashboard": {"executed_lines": [], "summary": {"covered_lines": 0, "num_statements": 4, "percent_covered": 0.0, "percent_covered_display": "0", "missing_lines": 4, "excluded_lines": 0}, "missing_lines": [109, 120, 130, 139], "excluded_lines": []}, "KnowledgeGraphVisualizer.__init__": {"executed_lines": [157, 158, 161, 162, 165, 168, 170], "summary": {"covered_lines": 7, "num_statements": 7, "percent_covered": 100.0, "percent_covered_display": "100", "missing_lines": 0, "excluded_lines": 0}, "missing_lines": [], "excluded_lines": []}, "KnowledgeGraphVisualizer._parse_visualization_config": {"executed_lines": [174, 176], "summary": {"covered_lines": 2, "num_statements": 2, "percent_covered": 100.0, "percent_covered_display": "100", "missing_lines": 0, "excluded_lines": 0}, "missing_lines": [], "excluded_lines": []}, "KnowledgeGraphVisualizer._configure_chinese_fonts": {"executed_lines": [195, 196, 201, 202], "summary": {"covered_lines": 4, "num_statements": 6, "percent_covered": 66.66666666666667, "percent_covered_display": "67", "missing_lines": 2, "excluded_lines": 0}, "missing_lines": [203, 204], "excluded_lines": []}, "KnowledgeGraphVisualizer._generate_edge_color_scheme": {"executed_lines": [208, 209, 211, 212, 214, 215, 216, 217, 218, 221, 223], "summary": {"covered_lines": 11, "num_statements": 11, "percent_covered": 100.0, "percent_covered_display": "100", "missing_lines": 0, "excluded_lines": 0}, "missing_lines": [], "excluded_lines": []}, "KnowledgeGraphVisualizer.compute_layout": {"executed_lines": [242, 243, 245, 246, 247, 249, 251, 252, 253, 254, 255, 256, 257, 258, 260, 263, 264, 267, 268, 270], "summary": {"covered_lines": 20, "num_statements": 25, "percent_covered": 80.0, "percent_covered_display": "80", "missing_lines": 5, "excluded_lines": 0}, "missing_lines": [259, 261, 272, 273, 275], "excluded_lines": []}, "KnowledgeGraphVisualizer._compute_spring_layout": {"executed_lines": [279, 281, 282, 283, 285], "summary": {"covered_lines": 5, "num_statements": 5, "percent_covered": 100.0, "percent_covered_display": "100", "missing_lines": 0, "excluded_lines": 0}, "missing_lines": [], "excluded_lines": []}, "KnowledgeGraphVisualizer._compute_hierarchical_layout": {"executed_lines": [293, 295, 296, 298], "summary": {"covered_lines": 4, "num_statements": 4, "percent_covered": 100.0, "percent_covered_display": "100", "missing_lines": 0, "excluded_lines": 0}, "missing_lines": [], "excluded_lines": []}, "KnowledgeGraphVisualizer._custom_hierarchical_layout": {"executed_lines": [304, 306, 310, 313, 314, 317, 318, 319, 320, 321, 324, 325, 326, 327, 330, 332, 333, 334, 336, 337, 339], "summary": {"covered_lines": 21, "num_statements": 26, "percent_covered": 80.76923076923077, "percent_covered_display": "81", "missing_lines": 5, "excluded_lines": 0}, "missing_lines": [307, 328, 341, 342, 343], "excluded_lines": []}, "KnowledgeGraphVisualizer._compute_shell_layout": {"executed_lines": [], "summary": {"covered_lines": 0, "num_statements": 13, "percent_covered": 0.0, "percent_covered_display": "0", "missing_lines": 13, "excluded_lines": 0}, "missing_lines": [348, 349, 352, 353, 354, 355, 358, 359, 364, 365, 367, 368, 370], "excluded_lines": []}, "KnowledgeGraphVisualizer.create_matplotlib_visualization": {"executed_lines": [398, 404, 407, 410, 413, 416, 419, 422, 423, 426, 429, 439], "summary": {"covered_lines": 12, "num_statements": 15, "percent_covered": 80.0, "percent_covered_display": "80", "missing_lines": 3, "excluded_lines": 0}, "missing_lines": [430, 431, 437], "excluded_lines": []}, "KnowledgeGraphVisualizer._draw_nodes_by_type": {"executed_lines": [449, 452, 453, 454, 455, 456, 459, 460, 463, 466, 467, 468, 469, 470, 473], "summary": {"covered_lines": 15, "num_statements": 16, "percent_covered": 93.75, "percent_covered_display": "94", "missing_lines": 1, "excluded_lines": 0}, "missing_lines": [461], "excluded_lines": []}, "KnowledgeGraphVisualizer._calculate_node_size": {"executed_lines": [487, 490, 491, 493, 494, 496, 497, 499], "summary": {"covered_lines": 8, "num_statements": 8, "percent_covered": 100.0, "percent_covered_display": "100", "missing_lines": 0, "excluded_lines": 0}, "missing_lines": [], "excluded_lines": []}, "KnowledgeGraphVisualizer._draw_edges_with_styles": {"executed_lines": [505, 508, 509, 510, 511, 512, 515, 516, 519, 520, 523, 526, 529], "summary": {"covered_lines": 13, "num_statements": 14, "percent_covered": 92.85714285714286, "percent_covered_display": "93", "missing_lines": 1, "excluded_lines": 0}, "missing_lines": [517], "excluded_lines": []}, "KnowledgeGraphVisualizer._calculate_edge_width": {"executed_lines": [544, 545], "summary": {"covered_lines": 2, "num_statements": 2, "percent_covered": 100.0, "percent_covered_display": "100", "missing_lines": 0, "excluded_lines": 0}, "missing_lines": [], "excluded_lines": []}, "KnowledgeGraphVisualizer._draw_node_labels": {"executed_lines": [555, 556, 558, 559, 560, 561, 563], "summary": {"covered_lines": 7, "num_statements": 7, "percent_covered": 100.0, "percent_covered_display": "100", "missing_lines": 0, "excluded_lines": 0}, "missing_lines": [], "excluded_lines": []}, "KnowledgeGraphVisualizer._add_legend": {"executed_lines": [576, 579, 580, 581, 582, 584, 585, 588], "summary": {"covered_lines": 8, "num_statements": 8, "percent_covered": 100.0, "percent_covered_display": "100", "missing_lines": 0, "excluded_lines": 0}, "missing_lines": [], "excluded_lines": []}, "KnowledgeGraphVisualizer.create_plotly_visualization": {"executed_lines": [620, 623, 626, 629, 639, 642, 645, 650], "summary": {"covered_lines": 8, "num_statements": 11, "percent_covered": 72.72727272727273, "percent_covered_display": "73", "missing_lines": 3, "excluded_lines": 0}, "missing_lines": [646, 647, 648], "excluded_lines": []}, "KnowledgeGraphVisualizer._prepare_edge_coordinates": {"executed_lines": [656, 657, 659, 660, 661, 662, 663, 664, 666], "summary": {"covered_lines": 9, "num_statements": 9, "percent_covered": 100.0, "percent_covered_display": "100", "missing_lines": 0, "excluded_lines": 0}, "missing_lines": [], "excluded_lines": []}, "KnowledgeGraphVisualizer._prepare_node_trace": {"executed_lines": [672, 673, 674, 675, 676, 677, 679, 680, 681, 682, 683, 686, 687, 690, 691, 692, 695, 698, 699, 700, 701, 702, 704], "summary": {"covered_lines": 23, "num_statements": 23, "percent_covered": 100.0, "percent_covered_display": "100", "missing_lines": 0, "excluded_lines": 0}, "missing_lines": [], "excluded_lines": []}, "KnowledgeGraphVisualizer._configure_plotly_layout": {"executed_lines": [724], "summary": {"covered_lines": 1, "num_statements": 1, "percent_covered": 100.0, "percent_covered_display": "100", "missing_lines": 0, "excluded_lines": 0}, "missing_lines": [], "excluded_lines": []}, "KnowledgeGraphVisualizer.create_network_analysis_dashboard": {"executed_lines": [762, 763, 766, 782, 785, 788, 791, 793, 800], "summary": {"covered_lines": 9, "num_statements": 9, "percent_covered": 100.0, "percent_covered_display": "100", "missing_lines": 0, "excluded_lines": 0}, "missing_lines": [], "excluded_lines": []}, "KnowledgeGraphVisualizer._compute_centrality_metrics": {"executed_lines": [804, 806], "summary": {"covered_lines": 2, "num_statements": 2, "percent_covered": 100.0, "percent_covered_display": "100", "missing_lines": 0, "excluded_lines": 0}, "missing_lines": [], "excluded_lines": []}, "KnowledgeGraphVisualizer._detect_communities": {"executed_lines": [815, 816, 818, 819], "summary": {"covered_lines": 4, "num_statements": 7, "percent_covered": 57.142857142857146, "percent_covered_display": "57", "missing_lines": 3, "excluded_lines": 0}, "missing_lines": [823, 824, 825], "excluded_lines": []}, "KnowledgeGraphVisualizer._add_centrality_distribution": {"executed_lines": [831, 833], "summary": {"covered_lines": 2, "num_statements": 2, "percent_covered": 100.0, "percent_covered_display": "100", "missing_lines": 0, "excluded_lines": 0}, "missing_lines": [], "excluded_lines": []}, "KnowledgeGraphVisualizer._add_community_visualization": {"executed_lines": [839, 842, 845, 847, 848, 849, 851, 852, 853, 855], "summary": {"covered_lines": 10, "num_statements": 11, "percent_covered": 90.9090909090909, "percent_covered_display": "91", "missing_lines": 1, "excluded_lines": 0}, "missing_lines": [840], "excluded_lines": []}, "KnowledgeGraphVisualizer._add_node_type_distribution": {"executed_lines": [872, 873, 874, 877, 879], "summary": {"covered_lines": 5, "num_statements": 5, "percent_covered": 100.0, "percent_covered_display": "100", "missing_lines": 0, "excluded_lines": 0}, "missing_lines": [], "excluded_lines": []}, "main": {"executed_lines": [], "summary": {"covered_lines": 0, "num_statements": 9, "percent_covered": 0.0, "percent_covered_display": "0", "missing_lines": 9, "excluded_lines": 0}, "missing_lines": [893, 895, 897, 899, 900, 903, 906, 909, 912], "excluded_lines": []}, "": {"executed_lines": [1, 18, 19, 20, 21, 22, 23, 25, 26, 27, 28, 29, 30, 31, 32, 34, 35, 37, 40, 41, 42, 44, 45, 46, 47, 48, 49, 50, 51, 54, 55, 65, 107, 142, 143, 150, 172, 193, 206, 225, 277, 289, 300, 345, 372, 441, 485, 501, 542, 547, 573, 595, 652, 668, 722, 749, 802, 813, 827, 835, 868, 890, 915], "summary": {"covered_lines": 60, "num_statements": 61, "percent_covered": 98.36065573770492, "percent_covered_display": "98", "missing_lines": 1, "excluded_lines": 0}, "missing_lines": [916], "excluded_lines": []}}, "classes": {"VisualizationConfig": {"executed_lines": [], "summary": {"covered_lines": 0, "num_statements": 0, "percent_covered": 100.0, "percent_covered_display": "100", "missing_lines": 0, "excluded_lines": 0}, "missing_lines": [], "excluded_lines": []}, "GraphVisualizer": {"executed_lines": [], "summary": {"covered_lines": 0, "num_statements": 15, "percent_covered": 0.0, "percent_covered_display": "0", "missing_lines": 15, "excluded_lines": 0}, "missing_lines": [56, 71, 72, 73, 74, 76, 79, 80, 82, 85, 105, 109, 120, 130, 139], "excluded_lines": []}, "KnowledgeGraphVisualizer": {"executed_lines": [157, 158, 161, 162, 165, 168, 170, 174, 176, 195, 196, 201, 202, 208, 209, 211, 212, 214, 215, 216, 217, 218, 221, 223, 242, 243, 245, 246, 247, 249, 251, 252, 253, 254, 255, 256, 257, 258, 260, 263, 264, 267, 268, 270, 279, 281, 282, 283, 285, 293, 295, 296, 298, 304, 306, 310, 313, 314, 317, 318, 319, 320, 321, 324, 325, 326, 327, 330, 332, 333, 334, 336, 337, 339, 398, 404, 407, 410, 413, 416, 419, 422, 423, 426, 429, 439, 449, 452, 453, 454, 455, 456, 459, 460, 463, 466, 467, 468, 469, 470, 473, 487, 490, 491, 493, 494, 496, 497, 499, 505, 508, 509, 510, 511, 512, 515, 516, 519, 520, 523, 526, 529, 544, 545, 555, 556, 558, 559, 560, 561, 563, 576, 579, 580, 581, 582, 584, 585, 588, 620, 623, 626, 629, 639, 642, 645, 650, 656, 657, 659, 660, 661, 662, 663, 664, 666, 672, 673, 674, 675, 676, 677, 679, 680, 681, 682, 683, 686, 687, 690, 691, 692, 695, 698, 699, 700, 701, 702, 704, 724, 762, 763, 766, 782, 785, 788, 791, 793, 800, 804, 806, 815, 816, 818, 819, 831, 833, 839, 842, 845, 847, 848, 849, 851, 852, 853, 855, 872, 873, 874, 877, 879], "summary": {"covered_lines": 212, "num_statements": 249, "percent_covered": 85.14056224899599, "percent_covered_display": "85", "missing_lines": 37, "excluded_lines": 0}, "missing_lines": [203, 204, 259, 261, 272, 273, 275, 307, 328, 341, 342, 343, 348, 349, 352, 353, 354, 355, 358, 359, 364, 365, 367, 368, 370, 430, 431, 437, 461, 517, 646, 647, 648, 823, 824, 825, 840], "excluded_lines": []}, "": {"executed_lines": [1, 18, 19, 20, 21, 22, 23, 25, 26, 27, 28, 29, 30, 31, 32, 34, 35, 37, 40, 41, 42, 44, 45, 46, 47, 48, 49, 50, 51, 54, 55, 65, 107, 142, 143, 150, 172, 193, 206, 225, 277, 289, 300, 345, 372, 441, 485, 501, 542, 547, 573, 595, 652, 668, 722, 749, 802, 813, 827, 835, 868, 890, 915], "summary": {"covered_lines": 60, "num_statements": 70, "percent_covered": 85.71428571428571, "percent_covered_display": "86", "missing_lines": 10, "excluded_lines": 0}, "missing_lines": [893, 895, 897, 899, 900, 903, 906, 909, 912, 916], "excluded_lines": []}}}}, "totals": {"covered_lines": 731, "num_statements": 1237, "percent_covered": 59.09458367016977, "percent_covered_display": "59", "missing_lines": 506, "excluded_lines": 0}}